TN:
SF:app/page.tsx
FN:5,Page
FNF:1
FNH:0
FNDA:0,Page
DA:1,0
DA:2,0
DA:3,0
DA:5,0
DA:6,0
DA:7,0
LF:6
LH:0
BRDA:7,0,0,0
BRDA:7,0,1,0
BRF:2
BRH:0
end_of_record
TN:
SF:app/(auth)/layout.tsx
FN:5,AuthLayout
FNF:1
FNH:0
FNDA:0,AuthLayout
DA:5,0
LF:1
LH:0
BRF:0
BRH:0
end_of_record
TN:
SF:app/(auth)/login/page.tsx
FN:11,LoginPage
FNF:1
FNH:0
FNDA:0,LoginPage
DA:3,0
DA:5,0
DA:11,0
DA:12,0
LF:4
LH:0
BRF:0
BRH:0
end_of_record
TN:
SF:app/(auth)/register/page.tsx
FN:16,RegisterPage
FN:29,(anonymous_3)
FN:31,(anonymous_4)
FN:37,(anonymous_5)
FN:72,(anonymous_6)
FNF:5
FNH:0
FNDA:0,RegisterPage
FNDA:0,(anonymous_3)
FNDA:0,(anonymous_4)
FNDA:0,(anonymous_5)
FNDA:0,(anonymous_6)
DA:5,0
DA:6,0
DA:7,0
DA:8,0
DA:9,0
DA:10,0
DA:16,0
DA:17,0
DA:18,0
DA:19,0
DA:20,0
DA:21,0
DA:29,0
DA:30,0
DA:31,0
DA:37,0
DA:38,0
DA:39,0
DA:40,0
DA:42,0
DA:43,0
DA:57,0
DA:59,0
DA:60,0
DA:68,0
DA:71,0
DA:72,0
DA:73,0
DA:76,0
DA:77,0
DA:79,0
LF:31
LH:0
BRDA:53,0,0,0
BRDA:53,0,1,0
BRDA:59,1,0,0
BRDA:61,2,0,0
BRDA:61,2,1,0
BRDA:62,3,0,0
BRDA:62,3,1,0
BRDA:93,4,0,0
BRDA:102,5,0,0
BRDA:109,6,0,0
BRDA:198,7,0,0
BRDA:198,7,1,0
BRF:12
BRH:0
end_of_record
TN:
SF:app/(dashboard)/pricelists/page.tsx
FN:12,PricelistsPage
FNF:1
FNH:0
FNDA:0,PricelistsPage
DA:1,0
DA:2,0
DA:3,0
DA:4,0
DA:5,0
DA:6,0
DA:7,0
DA:8,0
DA:9,0
DA:10,0
DA:12,0
DA:13,0
DA:15,0
DA:16,0
DA:21,0
DA:24,0
DA:25,0
DA:28,0
DA:29,0
DA:31,0
DA:32,0
DA:33,0
DA:34,0
DA:36,0
DA:37,0
LF:25
LH:0
BRDA:15,0,0,0
BRDA:21,1,0,0
BRDA:21,1,1,0
BRDA:24,2,0,0
BRDA:36,3,0,0
BRDA:36,3,1,0
BRF:6
BRH:0
end_of_record
TN:
SF:app/api/auth/[...nextauth]/route.ts
FNF:0
FNH:0
DA:1,0
DA:2,0
DA:4,0
DA:5,0
LF:4
LH:0
BRF:0
BRH:0
end_of_record
TN:
SF:app/api/auth/change-password/route.ts
FN:24,POST
FNF:1
FNH:1
FNDA:14,POST
DA:1,1
DA:4,1
DA:5,1
DA:6,1
DA:7,1
DA:8,1
DA:24,14
DA:25,14
DA:26,14
DA:27,13
DA:30,13
DA:31,13
DA:32,6
DA:42,7
DA:45,7
DA:50,6
DA:51,1
DA:58,5
DA:59,5
DA:60,1
DA:67,4
DA:70,4
DA:75,4
DA:80,2
DA:81,2
DA:82,1
DA:88,1
DA:89,1
LF:28
LH:28
BRDA:31,0,0,6
BRDA:50,1,0,1
BRDA:59,2,0,1
BRDA:81,3,0,1
BRF:4
BRH:4
end_of_record
TN:
SF:app/api/auth/change-password-new/route.ts
FN:7,POST
FNF:1
FNH:0
FNDA:0,POST
DA:1,0
DA:2,0
DA:3,0
DA:4,0
DA:5,0
DA:7,0
DA:8,0
DA:9,0
DA:10,0
DA:11,0
DA:14,0
DA:15,0
DA:17,0
DA:18,0
DA:20,0
DA:21,0
DA:22,0
DA:27,0
DA:28,0
LF:19
LH:0
BRDA:10,0,0,0
BRDA:21,1,0,0
BRDA:27,2,0,0
BRDA:27,2,1,0
BRF:4
BRH:0
end_of_record
TN:
SF:app/api/auth/logout/route.ts
FN:10,POST
FNF:1
FNH:0
FNDA:0,POST
DA:1,0
DA:4,0
DA:10,0
DA:11,0
DA:15,0
DA:20,0
DA:21,0
LF:7
LH:0
BRF:0
BRH:0
end_of_record
TN:
SF:app/api/auth/me/route.ts
FN:15,GET
FNF:1
FNH:0
FNDA:0,GET
DA:1,0
DA:4,0
DA:5,0
DA:15,0
DA:16,0
DA:17,0
DA:19,0
DA:27,0
DA:28,0
DA:29,0
DA:35,0
DA:36,0
LF:12
LH:0
BRDA:28,0,0,0
BRF:1
BRH:0
end_of_record
TN:
SF:app/api/auth/profile/route.ts
FN:7,GET
FN:25,PUT
FNF:2
FNH:0
FNDA:0,GET
FNDA:0,PUT
DA:1,0
DA:2,0
DA:3,0
DA:4,0
DA:5,0
DA:7,0
DA:8,0
DA:9,0
DA:10,0
DA:11,0
DA:14,0
DA:15,0
DA:17,0
DA:18,0
DA:25,0
DA:26,0
DA:27,0
DA:28,0
DA:29,0
DA:32,0
DA:33,0
DA:35,0
DA:36,0
DA:38,0
DA:39,0
DA:40,0
DA:45,0
LF:27
LH:0
BRDA:10,0,0,0
BRDA:17,1,0,0
BRDA:17,1,1,0
BRDA:28,2,0,0
BRDA:39,3,0,0
BRF:5
BRH:0
end_of_record
TN:
SF:app/api/auth/register/route.ts
FN:19,POST
FNF:1
FNH:0
FNDA:0,POST
DA:1,0
DA:4,0
DA:5,0
DA:6,0
DA:7,0
DA:19,0
DA:20,0
DA:21,0
DA:24,0
DA:25,0
DA:26,0
DA:36,0
DA:39,0
DA:43,0
DA:44,0
DA:51,0
DA:55,0
DA:56,0
DA:63,0
DA:66,0
DA:85,0
DA:89,0
DA:90,0
DA:98,0
DA:107,0
DA:108,0
LF:26
LH:0
BRDA:25,0,0,0
BRDA:43,1,0,0
BRDA:55,2,0,0
BRDA:71,3,0,0
BRDA:71,3,1,0
BRDA:89,4,0,0
BRF:6
BRH:0
end_of_record
TN:
SF:app/api/categories/route.ts
FN:17,GET
FN:55,POST
FN:92,(anonymous_5)
FNF:3
FNH:0
FNDA:0,GET
FNDA:0,POST
FNDA:0,(anonymous_5)
DA:1,0
DA:4,0
DA:5,0
DA:6,0
DA:8,0
DA:9,0
DA:17,0
DA:18,0
DA:19,0
DA:20,0
DA:22,0
DA:24,0
DA:32,0
DA:33,0
DA:34,0
DA:55,0
DA:56,0
DA:58,0
DA:59,0
DA:60,0
DA:70,0
DA:71,0
DA:72,0
DA:73,0
DA:83,0
DA:86,0
DA:87,0
DA:88,0
DA:92,0
DA:99,0
DA:101,0
DA:110,0
DA:112,0
DA:114,0
DA:115,0
DA:124,0
DA:125,0
DA:134,0
DA:143,0
LF:39
LH:0
BRDA:32,0,0,0
BRDA:32,0,1,0
BRDA:59,1,0,0
BRDA:59,2,0,0
BRDA:59,2,1,0
BRDA:70,3,0,0
BRDA:70,3,1,0
BRDA:71,4,0,0
BRDA:71,4,1,0
BRDA:72,5,0,0
BRDA:87,6,0,0
BRDA:112,7,0,0
BRDA:114,8,0,0
BRDA:124,9,0,0
BRF:14
BRH:0
end_of_record
TN:
SF:app/api/categories/[id]/route.ts
FN:15,GET
FN:71,PUT
FN:123,(anonymous_6)
FN:202,DELETE
FNF:4
FNH:0
FNDA:0,GET
FNDA:0,PUT
FNDA:0,(anonymous_6)
FNDA:0,DELETE
DA:1,0
DA:4,0
DA:5,0
DA:6,0
DA:8,0
DA:9,0
DA:15,0
DA:19,0
DA:20,0
DA:23,0
DA:24,0
DA:33,0
DA:35,0
DA:43,0
DA:45,0
DA:46,0
DA:55,0
DA:71,0
DA:75,0
DA:76,0
DA:79,0
DA:80,0
DA:81,0
DA:91,0
DA:92,0
DA:93,0
DA:94,0
DA:104,0
DA:105,0
DA:115,0
DA:117,0
DA:118,0
DA:119,0
DA:123,0
DA:130,0
DA:132,0
DA:141,0
DA:143,0
DA:145,0
DA:146,0
DA:155,0
DA:156,0
DA:165,0
DA:166,0
DA:175,0
DA:184,0
DA:202,0
DA:206,0
DA:207,0
DA:210,0
DA:211,0
DA:212,0
DA:222,0
DA:223,0
DA:224,0
DA:225,0
DA:235,0
DA:236,0
DA:246,0
DA:248,0
DA:256,0
DA:258,0
DA:260,0
DA:261,0
DA:270,0
DA:271,0
DA:280,0
DA:289,0
LF:68
LH:0
BRDA:23,0,0,0
BRDA:23,1,0,0
BRDA:23,1,1,0
BRDA:45,2,0,0
BRDA:45,3,0,0
BRDA:45,3,1,0
BRDA:80,4,0,0
BRDA:80,5,0,0
BRDA:80,5,1,0
BRDA:91,6,0,0
BRDA:91,6,1,0
BRDA:92,7,0,0
BRDA:92,7,1,0
BRDA:93,8,0,0
BRDA:104,9,0,0
BRDA:104,10,0,0
BRDA:104,10,1,0
BRDA:118,11,0,0
BRDA:143,12,0,0
BRDA:145,13,0,0
BRDA:155,14,0,0
BRDA:155,15,0,0
BRDA:155,15,1,0
BRDA:165,16,0,0
BRDA:211,17,0,0
BRDA:211,18,0,0
BRDA:211,18,1,0
BRDA:222,19,0,0
BRDA:222,19,1,0
BRDA:223,20,0,0
BRDA:223,20,1,0
BRDA:224,21,0,0
BRDA:235,22,0,0
BRDA:235,23,0,0
BRDA:235,23,1,0
BRDA:258,24,0,0
BRDA:260,25,0,0
BRDA:270,26,0,0
BRF:38
BRH:0
end_of_record
TN:
SF:app/api/credit-payments/route.ts
FN:15,GET
FN:65,POST
FNF:2
FNH:0
FNDA:0,GET
FNDA:0,POST
DA:1,0
DA:8,0
DA:9,0
DA:10,0
DA:11,0
DA:12,0
DA:13,0
DA:15,0
DA:16,0
DA:18,0
DA:19,0
DA:20,0
DA:24,0
DA:25,0
DA:26,0
DA:27,0
DA:30,0
DA:31,0
DA:32,0
DA:35,0
DA:51,0
DA:57,0
DA:58,0
DA:65,0
DA:66,0
DA:68,0
DA:69,0
DA:70,0
DA:75,0
DA:77,0
DA:78,0
DA:82,0
DA:83,0
DA:86,0
DA:91,0
DA:96,0
DA:97,0
DA:103,0
DA:104,0
DA:110,0
DA:111,0
LF:41
LH:0
BRDA:19,0,0,0
BRDA:24,1,0,0
BRDA:24,1,1,0
BRDA:25,2,0,0
BRDA:25,2,1,0
BRDA:31,3,0,0
BRDA:32,4,0,0
BRDA:69,5,0,0
BRDA:75,6,0,0
BRDA:75,6,1,0
BRDA:77,7,0,0
BRDA:96,8,0,0
BRDA:103,9,0,0
BRDA:103,10,0,0
BRDA:103,10,1,0
BRF:15
BRH:0
end_of_record
TN:
SF:app/api/credit-payments/[id]/route.ts
FN:14,GET
FN:59,PUT
FNF:2
FNH:0
FNDA:0,GET
FNDA:0,PUT
DA:1,0
DA:8,0
DA:9,0
DA:10,0
DA:11,0
DA:12,0
DA:14,0
DA:18,0
DA:20,0
DA:21,0
DA:22,0
DA:25,0
DA:28,0
DA:42,0
DA:43,0
DA:49,0
DA:51,0
DA:52,0
DA:59,0
DA:63,0
DA:65,0
DA:66,0
DA:67,0
DA:72,0
DA:74,0
DA:75,0
DA:78,0
DA:81,0
DA:82,0
DA:85,0
DA:93,0
DA:95,0
DA:96,0
DA:102,0
DA:103,0
DA:104,0
DA:106,0
DA:107,0
DA:114,0
DA:115,0
LF:40
LH:0
BRDA:21,0,0,0
BRDA:42,1,0,0
BRDA:66,2,0,0
BRDA:72,3,0,0
BRDA:72,3,1,0
BRDA:74,4,0,0
BRDA:95,5,0,0
BRDA:102,6,0,0
BRDA:103,7,0,0
BRDA:106,8,0,0
BRF:10
BRH:0
end_of_record
TN:
SF:app/api/credit-payments/[id]/allocate/route.ts
FN:26,POST
FNF:1
FNH:0
FNDA:0,POST
DA:1,0
DA:7,0
DA:8,0
DA:9,0
DA:10,0
DA:11,0
DA:14,0
DA:26,0
DA:30,0
DA:32,0
DA:33,0
DA:34,0
DA:39,0
DA:41,0
DA:42,0
DA:45,0
DA:48,0
DA:49,0
DA:52,0
DA:54,0
DA:59,0
DA:60,0
DA:66,0
DA:67,0
DA:68,0
DA:73,0
DA:74,0
DA:79,0
DA:80,0
DA:87,0
DA:88,0
LF:31
LH:0
BRDA:33,0,0,0
BRDA:39,1,0,0
BRDA:39,1,1,0
BRDA:41,2,0,0
BRDA:59,3,0,0
BRDA:66,4,0,0
BRDA:67,5,0,0
BRDA:73,6,0,0
BRDA:79,7,0,0
BRF:9
BRH:0
end_of_record
TN:
SF:app/api/credit-refunds/route.ts
FN:15,GET
FN:61,POST
FNF:2
FNH:0
FNDA:0,GET
FNDA:0,POST
DA:1,0
DA:8,0
DA:9,0
DA:10,0
DA:11,0
DA:12,0
DA:13,0
DA:15,0
DA:16,0
DA:18,0
DA:19,0
DA:20,0
DA:24,0
DA:25,0
DA:26,0
DA:29,0
DA:30,0
DA:33,0
DA:47,0
DA:53,0
DA:54,0
DA:61,0
DA:62,0
DA:64,0
DA:65,0
DA:66,0
DA:70,0
DA:71,0
DA:75,0
DA:76,0
DA:79,0
DA:81,0
DA:86,0
DA:87,0
DA:93,0
DA:94,0
DA:100,0
DA:101,0
LF:38
LH:0
BRDA:19,0,0,0
BRDA:24,1,0,0
BRDA:24,1,1,0
BRDA:25,2,0,0
BRDA:25,2,1,0
BRDA:30,3,0,0
BRDA:65,4,0,0
BRDA:70,5,0,0
BRDA:86,6,0,0
BRDA:93,7,0,0
BRDA:93,8,0,0
BRDA:93,8,1,0
BRF:12
BRH:0
end_of_record
TN:
SF:app/api/credit-terms/route.ts
FN:12,GET
FN:32,(anonymous_2)
FNF:2
FNH:0
FNDA:0,GET
FNDA:0,(anonymous_2)
DA:1,0
DA:7,0
DA:8,0
DA:9,0
DA:10,0
DA:12,0
DA:13,0
DA:15,0
DA:16,0
DA:17,0
DA:21,0
DA:24,0
DA:32,0
DA:37,0
DA:45,0
DA:46,0
LF:16
LH:0
BRDA:16,0,0,0
BRF:1
BRH:0
end_of_record
TN:
SF:app/api/credit-transactions/route.ts
FN:15,GET
FN:62,POST
FNF:2
FNH:0
FNDA:0,GET
FNDA:0,POST
DA:1,0
DA:8,0
DA:9,0
DA:10,0
DA:11,0
DA:12,0
DA:13,0
DA:15,0
DA:16,0
DA:18,0
DA:19,0
DA:20,0
DA:24,0
DA:25,0
DA:26,0
DA:27,0
DA:30,0
DA:31,0
DA:32,0
DA:35,0
DA:48,0
DA:54,0
DA:55,0
DA:62,0
DA:63,0
DA:65,0
DA:66,0
DA:67,0
DA:72,0
DA:74,0
DA:75,0
DA:79,0
DA:80,0
DA:83,0
DA:88,0
DA:93,0
DA:94,0
DA:100,0
DA:101,0
DA:107,0
DA:108,0
LF:41
LH:0
BRDA:19,0,0,0
BRDA:24,1,0,0
BRDA:24,1,1,0
BRDA:25,2,0,0
BRDA:25,2,1,0
BRDA:31,3,0,0
BRDA:32,4,0,0
BRDA:66,5,0,0
BRDA:72,6,0,0
BRDA:72,6,1,0
BRDA:74,7,0,0
BRDA:93,8,0,0
BRDA:100,9,0,0
BRDA:100,10,0,0
BRDA:100,10,1,0
BRF:15
BRH:0
end_of_record
TN:
SF:app/api/credit-transactions/[id]/route.ts
FN:15,GET
FN:55,PUT
FNF:2
FNH:0
FNDA:0,GET
FNDA:0,PUT
DA:1,0
DA:8,0
DA:9,0
DA:10,0
DA:11,0
DA:12,0
DA:13,0
DA:15,0
DA:19,0
DA:21,0
DA:22,0
DA:23,0
DA:26,0
DA:29,0
DA:38,0
DA:39,0
DA:45,0
DA:47,0
DA:48,0
DA:55,0
DA:59,0
DA:61,0
DA:62,0
DA:63,0
DA:68,0
DA:70,0
DA:71,0
DA:74,0
DA:77,0
DA:78,0
DA:81,0
DA:82,0
DA:83,0
DA:87,0
DA:95,0
DA:97,0
DA:98,0
DA:104,0
DA:105,0
DA:106,0
DA:108,0
DA:109,0
DA:116,0
DA:117,0
LF:44
LH:0
BRDA:22,0,0,0
BRDA:38,1,0,0
BRDA:62,2,0,0
BRDA:68,3,0,0
BRDA:68,3,1,0
BRDA:70,4,0,0
BRDA:82,5,0,0
BRDA:97,6,0,0
BRDA:104,7,0,0
BRDA:105,8,0,0
BRDA:108,9,0,0
BRF:11
BRH:0
end_of_record
TN:
SF:app/api/credit-transactions/[id]/payment-schedule/route.ts
FN:12,GET
FN:44,(anonymous_2)
FN:46,(anonymous_3)
FN:47,(anonymous_4)
FN:48,(anonymous_5)
FN:50,(anonymous_6)
FNF:6
FNH:0
FNDA:0,GET
FNDA:0,(anonymous_2)
FNDA:0,(anonymous_3)
FNDA:0,(anonymous_4)
FNDA:0,(anonymous_5)
FNDA:0,(anonymous_6)
DA:1,0
DA:7,0
DA:8,0
DA:9,0
DA:10,0
DA:12,0
DA:16,0
DA:18,0
DA:19,0
DA:20,0
DA:23,0
DA:26,0
DA:30,0
DA:31,0
DA:38,0
DA:43,0
DA:44,0
DA:46,0
DA:47,0
DA:48,0
DA:50,0
DA:53,0
DA:58,0
DA:59,0
DA:65,0
DA:66,0
LF:26
LH:0
BRDA:19,0,0,0
BRDA:27,1,0,0
BRDA:27,1,1,0
BRDA:30,2,0,0
BRDA:30,3,0,0
BRDA:30,3,1,0
BRDA:48,4,0,0
BRDA:48,4,1,0
BRDA:50,5,0,0
BRDA:50,5,1,0
BRDA:58,6,0,0
BRDA:58,7,0,0
BRDA:58,7,1,0
BRF:13
BRH:0
end_of_record
TN:
SF:app/api/credits/route.ts
FN:14,POST
FN:64,GET
FNF:2
FNH:0
FNDA:0,POST
FNDA:0,GET
DA:1,0
DA:8,0
DA:9,0
DA:10,0
DA:11,0
DA:12,0
DA:14,0
DA:15,0
DA:17,0
DA:18,0
DA:19,0
DA:24,0
DA:26,0
DA:27,0
DA:31,0
DA:32,0
DA:35,0
DA:37,0
DA:42,0
DA:43,0
DA:49,0
DA:50,0
DA:56,0
DA:57,0
DA:64,0
DA:65,0
DA:67,0
DA:68,0
DA:69,0
DA:73,0
DA:74,0
DA:75,0
DA:82,0
DA:83,0
DA:84,0
DA:90,0
DA:92,0
DA:93,0
LF:38
LH:0
BRDA:18,0,0,0
BRDA:24,1,0,0
BRDA:24,1,1,0
BRDA:26,2,0,0
BRDA:42,3,0,0
BRDA:49,4,0,0
BRDA:49,5,0,0
BRDA:49,5,1,0
BRDA:68,6,0,0
BRDA:74,7,0,0
BRDA:83,8,0,0
BRF:11
BRH:0
end_of_record
TN:
SF:app/api/credits/[customerId]/route.ts
FN:15,GET
FN:47,PUT
FNF:2
FNH:0
FNDA:0,GET
FNDA:0,PUT
DA:1,0
DA:8,0
DA:9,0
DA:10,0
DA:11,0
DA:12,0
DA:13,0
DA:15,0
DA:19,0
DA:21,0
DA:22,0
DA:23,0
DA:26,0
DA:29,0
DA:30,0
DA:31,0
DA:37,0
DA:39,0
DA:40,0
DA:47,0
DA:51,0
DA:53,0
DA:54,0
DA:55,0
DA:59,0
DA:60,0
DA:63,0
DA:66,0
DA:67,0
DA:70,0
DA:75,0
DA:77,0
DA:78,0
DA:84,0
DA:85,0
DA:86,0
DA:88,0
DA:89,0
DA:96,0
DA:97,0
LF:40
LH:0
BRDA:22,0,0,0
BRDA:30,1,0,0
BRDA:54,2,0,0
BRDA:59,3,0,0
BRDA:77,4,0,0
BRDA:84,5,0,0
BRDA:85,6,0,0
BRDA:88,7,0,0
BRF:8
BRH:0
end_of_record
TN:
SF:app/api/credits/[customerId]/apply-late-fees/route.ts
FN:12,POST
FNF:1
FNH:0
FNDA:0,POST
DA:1,0
DA:7,0
DA:8,0
DA:9,0
DA:10,0
DA:12,0
DA:16,0
DA:18,0
DA:19,0
DA:20,0
DA:24,0
DA:25,0
DA:28,0
DA:31,0
DA:36,0
DA:47,0
DA:48,0
DA:54,0
DA:55,0
LF:19
LH:0
BRDA:19,0,0,0
BRDA:24,1,0,0
BRDA:47,2,0,0
BRDA:47,3,0,0
BRDA:47,3,1,0
BRF:5
BRH:0
end_of_record
TN:
SF:app/api/credits/[customerId]/calculate-interest/route.ts
FN:12,POST
FNF:1
FNH:0
FNDA:0,POST
DA:1,0
DA:7,0
DA:8,0
DA:9,0
DA:10,0
DA:12,0
DA:16,0
DA:18,0
DA:19,0
DA:20,0
DA:24,0
DA:25,0
DA:28,0
DA:31,0
DA:33,0
DA:38,0
DA:39,0
LF:17
LH:0
BRDA:19,0,0,0
BRDA:24,1,0,0
BRF:2
BRH:0
end_of_record
TN:
SF:app/api/credits/[customerId]/health-metrics/route.ts
FN:12,GET
FNF:1
FNH:0
FNDA:0,GET
DA:1,0
DA:7,0
DA:8,0
DA:9,0
DA:10,0
DA:12,0
DA:16,0
DA:18,0
DA:19,0
DA:20,0
DA:23,0
DA:26,0
DA:28,0
DA:30,0
DA:31,0
DA:37,0
DA:38,0
LF:17
LH:0
BRDA:19,0,0,0
BRDA:30,1,0,0
BRDA:30,2,0,0
BRDA:30,2,1,0
BRF:4
BRH:0
end_of_record
TN:
SF:app/api/credits/[customerId]/interest-schedule/route.ts
FN:12,GET
FNF:1
FNH:0
FNDA:0,GET
DA:1,0
DA:7,0
DA:8,0
DA:9,0
DA:10,0
DA:12,0
DA:16,0
DA:18,0
DA:19,0
DA:20,0
DA:23,0
DA:26,0
DA:30,0
DA:42,0
DA:43,0
DA:49,0
DA:50,0
LF:17
LH:0
BRDA:19,0,0,0
BRDA:42,1,0,0
BRDA:42,2,0,0
BRDA:42,2,1,0
BRF:4
BRH:0
end_of_record
TN:
SF:app/api/customers/route.ts
FN:8,GET
FN:27,POST
FNF:2
FNH:0
FNDA:0,GET
FNDA:0,POST
DA:3,0
DA:4,0
DA:6,0
DA:8,0
DA:9,0
DA:10,0
DA:11,0
DA:12,0
DA:20,0
DA:21,0
DA:23,0
DA:27,0
DA:28,0
DA:29,0
DA:30,0
DA:31,0
DA:32,0
DA:33,0
DA:35,0
DA:36,0
DA:38,0
DA:39,0
DA:41,0
LF:23
LH:0
BRDA:11,0,0,0
BRDA:11,1,0,0
BRDA:13,2,0,0
BRDA:13,2,1,0
BRDA:14,3,0,0
BRDA:14,3,1,0
BRDA:35,4,0,0
BRDA:38,5,0,0
BRDA:41,6,0,0
BRDA:41,6,1,0
BRF:10
BRH:0
end_of_record
TN:
SF:app/api/customers/[id]/route.ts
FN:6,GET
FNF:1
FNH:0
FNDA:0,GET
DA:1,0
DA:3,0
DA:4,0
DA:6,0
DA:10,0
DA:11,0
DA:12,0
DA:14,0
DA:15,0
DA:21,0
DA:26,0
DA:27,0
LF:12
LH:0
BRDA:14,0,0,0
BRF:1
BRH:0
end_of_record
TN:
SF:app/api/customers/[id]/balance/route.ts
FN:7,GET
FNF:1
FNH:0
FNDA:0,GET
DA:3,0
DA:4,0
DA:5,0
DA:7,0
DA:9,0
DA:10,0
DA:11,0
DA:12,0
DA:14,0
LF:9
LH:0
BRF:0
BRH:0
end_of_record
TN:
SF:app/api/customers/[id]/orders/route.ts
FN:7,GET
FNF:1
FNH:0
FNDA:0,GET
DA:3,0
DA:4,0
DA:5,0
DA:7,0
DA:9,0
DA:10,0
DA:11,0
DA:12,0
DA:13,0
DA:15,0
LF:10
LH:0
BRDA:11,0,0,0
BRDA:11,1,0,0
BRF:2
BRH:0
end_of_record
TN:
SF:app/api/customers/[id]/pay-balance/route.ts
FN:12,POST
FNF:1
FNH:0
FNDA:0,POST
DA:1,0
DA:3,0
DA:4,0
DA:5,0
DA:7,0
DA:12,0
DA:16,0
DA:17,0
DA:18,0
DA:19,0
DA:21,0
DA:27,0
DA:32,0
DA:33,0
DA:34,0
DA:39,0
LF:16
LH:0
BRDA:33,0,0,0
BRDA:40,1,0,0
BRDA:40,1,1,0
BRF:3
BRH:0
end_of_record
TN:
SF:app/api/daybook/route.ts
FN:13,GET
FN:45,POST
FNF:2
FNH:0
FNDA:0,GET
FNDA:0,POST
DA:1,0
DA:2,0
DA:3,0
DA:4,0
DA:6,0
DA:7,0
DA:13,0
DA:14,0
DA:15,0
DA:16,0
DA:17,0
DA:20,0
DA:21,0
DA:22,0
DA:23,0
DA:25,0
DA:31,0
DA:33,0
DA:34,0
DA:45,0
DA:46,0
DA:47,0
DA:48,0
DA:49,0
DA:53,0
DA:54,0
DA:55,0
DA:58,0
DA:59,0
DA:61,0
DA:63,0
DA:65,0
DA:66,0
DA:67,0
DA:72,0
LF:35
LH:0
BRDA:16,0,0,0
BRDA:26,1,0,0
BRDA:26,1,1,0
BRDA:27,2,0,0
BRDA:27,2,1,0
BRDA:28,3,0,0
BRDA:28,3,1,0
BRDA:35,4,0,0
BRDA:35,4,1,0
BRDA:48,5,0,0
BRDA:53,6,0,0
BRDA:53,6,1,0
BRDA:54,7,0,0
BRDA:66,8,0,0
BRDA:66,9,0,0
BRDA:66,9,1,0
BRDA:73,10,0,0
BRDA:73,10,1,0
BRF:18
BRH:0
end_of_record
TN:
SF:app/api/daybook/[id]/route.ts
FN:12,GET
FN:42,PUT
FNF:2
FNH:0
FNDA:0,GET
FNDA:0,PUT
DA:1,0
DA:2,0
DA:3,0
DA:4,0
DA:5,0
DA:6,0
DA:12,0
DA:16,0
DA:17,0
DA:18,0
DA:19,0
DA:22,0
DA:24,0
DA:25,0
DA:28,0
DA:30,0
DA:31,0
DA:42,0
DA:46,0
DA:47,0
DA:48,0
DA:49,0
DA:53,0
DA:54,0
DA:55,0
DA:58,0
DA:59,0
DA:61,0
DA:62,0
DA:63,0
DA:68,0
DA:71,0
DA:72,0
DA:73,0
DA:78,0
DA:81,0
DA:86,0
DA:87,0
LF:38
LH:0
BRDA:18,0,0,0
BRDA:24,1,0,0
BRDA:32,2,0,0
BRDA:32,2,1,0
BRDA:48,3,0,0
BRDA:53,4,0,0
BRDA:53,4,1,0
BRDA:54,5,0,0
BRDA:61,6,0,0
BRDA:71,7,0,0
BRDA:88,8,0,0
BRDA:88,8,1,0
BRF:12
BRH:0
end_of_record
TN:
SF:app/api/daybook/[id]/entries/route.ts
FN:12,GET
FN:43,POST
FN:54,(anonymous_5)
FNF:3
FNH:0
FNDA:0,GET
FNDA:0,POST
FNDA:0,(anonymous_5)
DA:1,0
DA:2,0
DA:3,0
DA:4,0
DA:5,0
DA:6,0
DA:12,0
DA:16,0
DA:17,0
DA:18,0
DA:19,0
DA:22,0
DA:23,0
DA:25,0
DA:29,0
DA:31,0
DA:32,0
DA:43,0
DA:47,0
DA:48,0
DA:49,0
DA:50,0
DA:54,0
DA:55,0
DA:57,0
DA:58,0
DA:61,0
DA:62,0
DA:67,0
DA:69,0
DA:71,0
DA:72,0
LF:32
LH:0
BRDA:18,0,0,0
BRDA:26,1,0,0
BRDA:26,1,1,0
BRDA:33,2,0,0
BRDA:33,2,1,0
BRDA:49,3,0,0
BRDA:57,4,0,0
BRDA:73,5,0,0
BRDA:73,5,1,0
BRF:9
BRH:0
end_of_record
TN:
SF:app/api/daybook/[id]/reconcile/route.ts
FN:12,POST
FN:32,(anonymous_4)
FN:69,GET
FNF:3
FNH:0
FNDA:0,POST
FNDA:0,(anonymous_4)
FNDA:0,GET
DA:1,0
DA:2,0
DA:3,0
DA:4,0
DA:5,0
DA:6,0
DA:12,0
DA:16,0
DA:17,0
DA:18,0
DA:19,0
DA:23,0
DA:24,0
DA:25,0
DA:28,0
DA:29,0
DA:32,0
DA:37,0
DA:43,0
DA:45,0
DA:57,0
DA:58,0
DA:69,0
DA:73,0
DA:74,0
DA:75,0
DA:76,0
DA:79,0
DA:81,0
DA:83,0
DA:84,0
LF:31
LH:0
BRDA:18,0,0,0
BRDA:23,1,0,0
BRDA:23,1,1,0
BRDA:24,2,0,0
BRDA:59,3,0,0
BRDA:59,3,1,0
BRDA:75,4,0,0
BRDA:85,5,0,0
BRDA:85,5,1,0
BRF:9
BRH:0
end_of_record
TN:
SF:app/api/daybook/entries/[id]/route.ts
FN:12,PUT
FN:23,(anonymous_4)
FN:49,DELETE
FNF:3
FNH:0
FNDA:0,PUT
FNDA:0,(anonymous_4)
FNDA:0,DELETE
DA:1,0
DA:2,0
DA:3,0
DA:4,0
DA:5,0
DA:6,0
DA:12,0
DA:16,0
DA:17,0
DA:18,0
DA:19,0
DA:23,0
DA:24,0
DA:26,0
DA:27,0
DA:30,0
DA:31,0
DA:33,0
DA:35,0
DA:37,0
DA:38,0
DA:49,0
DA:53,0
DA:54,0
DA:55,0
DA:56,0
DA:60,0
DA:61,0
DA:62,0
DA:65,0
DA:67,0
DA:69,0
DA:70,0
LF:33
LH:0
BRDA:18,0,0,0
BRDA:26,1,0,0
BRDA:39,2,0,0
BRDA:39,2,1,0
BRDA:55,3,0,0
BRDA:60,4,0,0
BRDA:60,4,1,0
BRDA:61,5,0,0
BRDA:71,6,0,0
BRDA:71,6,1,0
BRF:10
BRH:0
end_of_record
TN:
SF:app/api/debug-env/route.ts
FN:2,GET
FNF:1
FNH:0
FNDA:0,GET
DA:1,0
DA:2,0
DA:3,0
LF:3
LH:0
BRDA:4,0,0,0
BRDA:4,0,1,0
BRDA:5,1,0,0
BRDA:5,1,1,0
BRF:4
BRH:0
end_of_record
TN:
SF:app/api/expense-categories/route.ts
FN:12,GET
FN:43,POST
FNF:2
FNH:0
FNDA:0,GET
FNDA:0,POST
DA:1,0
DA:2,0
DA:3,0
DA:4,0
DA:5,0
DA:6,0
DA:12,0
DA:13,0
DA:14,0
DA:15,0
DA:16,0
DA:19,0
DA:20,0
DA:21,0
DA:23,0
DA:24,0
DA:25,0
DA:28,0
DA:29,0
DA:31,0
DA:32,0
DA:43,0
DA:44,0
DA:45,0
DA:46,0
DA:47,0
DA:51,0
DA:52,0
DA:53,0
DA:56,0
DA:57,0
DA:59,0
DA:61,0
DA:63,0
DA:64,0
LF:35
LH:0
BRDA:15,0,0,0
BRDA:23,1,0,0
BRDA:33,2,0,0
BRDA:33,2,1,0
BRDA:46,3,0,0
BRDA:51,4,0,0
BRDA:51,4,1,0
BRDA:52,5,0,0
BRDA:65,6,0,0
BRDA:65,6,1,0
BRF:10
BRH:0
end_of_record
TN:
SF:app/api/expense-categories/[id]/route.ts
FN:12,GET
FN:45,PUT
FN:83,DELETE
FNF:3
FNH:0
FNDA:0,GET
FNDA:0,PUT
FNDA:0,DELETE
DA:1,0
DA:2,0
DA:3,0
DA:4,0
DA:5,0
DA:6,0
DA:12,0
DA:16,0
DA:17,0
DA:18,0
DA:19,0
DA:22,0
DA:24,0
DA:25,0
DA:31,0
DA:33,0
DA:34,0
DA:45,0
DA:49,0
DA:50,0
DA:51,0
DA:52,0
DA:56,0
DA:57,0
DA:58,0
DA:61,0
DA:62,0
DA:64,0
DA:69,0
DA:71,0
DA:72,0
DA:83,0
DA:87,0
DA:88,0
DA:89,0
DA:90,0
DA:94,0
DA:95,0
DA:96,0
DA:99,0
DA:101,0
DA:103,0
DA:104,0
LF:43
LH:0
BRDA:18,0,0,0
BRDA:24,1,0,0
BRDA:35,2,0,0
BRDA:35,2,1,0
BRDA:51,3,0,0
BRDA:56,4,0,0
BRDA:56,4,1,0
BRDA:57,5,0,0
BRDA:73,6,0,0
BRDA:73,6,1,0
BRDA:89,7,0,0
BRDA:95,8,0,0
BRDA:105,9,0,0
BRDA:105,9,1,0
BRF:14
BRH:0
end_of_record
TN:
SF:app/api/grn/[id]/accept/route.ts
FN:13,POST
FNF:1
FNH:0
FNDA:0,POST
DA:3,0
DA:4,0
DA:5,0
DA:6,0
DA:7,0
DA:9,0
DA:13,0
DA:14,0
DA:15,0
DA:16,0
DA:17,0
DA:21,0
DA:23,0
DA:24,0
DA:27,0
DA:28,0
DA:30,0
DA:32,0
DA:34,0
DA:35,0
DA:40,0
DA:41,0
DA:46,0
LF:23
LH:0
BRDA:16,0,0,0
BRDA:21,1,0,0
BRDA:21,1,1,0
BRDA:23,2,0,0
BRDA:34,3,0,0
BRDA:40,4,0,0
BRF:6
BRH:0
end_of_record
TN:
SF:app/api/inventory-transactions/route.ts
FN:19,GET
FN:69,POST
FNF:2
FNH:0
FNDA:0,GET
FNDA:0,POST
DA:1,0
DA:4,0
DA:5,0
DA:6,0
DA:10,0
DA:11,0
DA:12,0
DA:13,0
DA:19,0
DA:20,0
DA:21,0
DA:22,0
DA:23,0
DA:26,0
DA:27,0
DA:36,0
DA:37,0
DA:38,0
DA:48,0
DA:49,0
DA:51,0
DA:60,0
DA:61,0
DA:69,0
DA:70,0
DA:71,0
DA:72,0
DA:73,0
DA:76,0
DA:77,0
DA:78,0
DA:81,0
DA:82,0
DA:83,0
DA:84,0
DA:94,0
DA:97,0
DA:106,0
DA:108,0
DA:117,0
DA:118,0
DA:119,0
DA:121,0
LF:43
LH:0
BRDA:22,0,0,0
BRDA:28,1,0,0
BRDA:28,1,1,0
BRDA:29,2,0,0
BRDA:29,2,1,0
BRDA:30,3,0,0
BRDA:30,3,1,0
BRDA:31,4,0,0
BRDA:31,4,1,0
BRDA:32,5,0,0
BRDA:32,5,1,0
BRDA:33,6,0,0
BRDA:33,6,1,0
BRDA:37,7,0,0
BRDA:72,8,0,0
BRDA:76,9,0,0
BRDA:76,9,1,0
BRDA:77,10,0,0
BRDA:83,11,0,0
BRDA:101,12,0,0
BRDA:101,12,1,0
BRDA:101,13,0,0
BRDA:101,13,1,0
BRDA:118,14,0,0
BRF:24
BRH:0
end_of_record
TN:
SF:app/api/inventory-transactions/[id]/route.ts
FN:19,GET
FNF:1
FNH:0
FNDA:0,GET
DA:1,0
DA:4,0
DA:5,0
DA:6,0
DA:7,0
DA:19,0
DA:20,0
DA:21,0
DA:22,0
DA:23,0
DA:26,0
DA:31,0
DA:32,0
DA:35,0
DA:37,0
DA:38,0
LF:16
LH:0
BRDA:22,0,0,0
BRDA:31,1,0,0
BRF:2
BRH:0
end_of_record
TN:
SF:app/api/inventory/products/route.ts
FN:12,GET
FNF:1
FNH:0
FNDA:0,GET
DA:1,0
DA:7,0
DA:8,0
DA:9,0
DA:10,0
DA:12,0
DA:13,0
DA:14,0
DA:16,0
DA:17,0
DA:24,0
DA:25,0
DA:27,0
DA:28,0
DA:34,0
DA:36,0
DA:41,0
DA:42,0
DA:43,0
LF:19
LH:0
BRDA:16,0,0,0
BRDA:24,1,0,0
BRDA:24,1,1,0
BRDA:25,2,0,0
BRDA:25,2,1,0
BRDA:27,3,0,0
BRDA:41,4,0,0
BRDA:41,4,1,0
BRF:8
BRH:0
end_of_record
TN:
SF:app/api/inventory/products/[id]/stock/route.ts
FN:16,PATCH
FNF:1
FNH:0
FNDA:0,PATCH
DA:1,0
DA:7,0
DA:8,0
DA:9,0
DA:10,0
DA:16,0
DA:20,0
DA:21,0
DA:23,0
DA:24,0
DA:31,0
DA:32,0
DA:34,0
DA:35,0
DA:41,0
DA:44,0
DA:45,0
DA:51,0
DA:52,0
DA:58,0
DA:59,0
DA:61,0
DA:66,0
DA:68,0
DA:69,0
DA:75,0
DA:76,0
LF:27
LH:0
BRDA:23,0,0,0
BRDA:31,1,0,0
BRDA:31,1,1,0
BRDA:32,2,0,0
BRDA:32,2,1,0
BRDA:34,3,0,0
BRDA:44,4,0,0
BRDA:51,5,0,0
BRDA:68,6,0,0
BRDA:68,7,0,0
BRDA:68,7,1,0
BRDA:75,8,0,0
BRDA:75,8,1,0
BRF:13
BRH:0
end_of_record
TN:
SF:app/api/inventory/products/bulk/stock/route.ts
FN:19,PATCH
FNF:1
FNH:0
FNDA:0,PATCH
DA:1,0
DA:7,0
DA:8,0
DA:9,0
DA:10,0
DA:19,0
DA:20,0
DA:21,0
DA:23,0
DA:24,0
DA:31,0
DA:32,0
DA:34,0
DA:35,0
DA:41,0
DA:44,0
DA:45,0
DA:52,0
DA:53,0
DA:54,0
DA:62,0
DA:63,0
DA:65,0
DA:66,0
DA:68,0
DA:73,0
DA:74,0
DA:78,0
DA:81,0
DA:82,0
DA:85,0
DA:96,0
DA:105,0
DA:112,0
DA:119,0
DA:131,0
DA:132,0
DA:133,0
LF:38
LH:0
BRDA:23,0,0,0
BRDA:31,1,0,0
BRDA:31,1,1,0
BRDA:32,2,0,0
BRDA:32,2,1,0
BRDA:34,3,0,0
BRDA:44,4,0,0
BRDA:44,5,0,0
BRDA:44,5,1,0
BRDA:53,6,0,0
BRDA:53,7,0,0
BRDA:53,7,1,0
BRDA:73,8,0,0
BRDA:114,9,0,0
BRDA:114,9,1,0
BRDA:122,10,0,0
BRDA:122,10,1,0
BRDA:128,11,0,0
BRDA:128,11,1,0
BRDA:132,12,0,0
BRDA:132,12,1,0
BRF:21
BRH:0
end_of_record
TN:
SF:app/api/inventory/stock-posting/route.ts
FN:35,POST
FN:56,(anonymous_4)
FN:85,GET
FNF:3
FNH:0
FNDA:0,POST
FNDA:0,(anonymous_4)
FNDA:0,GET
DA:3,0
DA:11,0
DA:12,0
DA:13,0
DA:14,0
DA:16,0
DA:35,0
DA:36,0
DA:37,0
DA:38,0
DA:39,0
DA:43,0
DA:45,0
DA:46,0
DA:49,0
DA:50,0
DA:52,0
DA:56,0
DA:64,0
DA:66,0
DA:67,0
DA:72,0
DA:73,0
DA:78,0
DA:85,0
DA:86,0
DA:87,0
DA:88,0
DA:89,0
DA:92,0
DA:93,0
DA:94,0
DA:95,0
DA:96,0
DA:98,0
DA:99,0
DA:100,0
DA:103,0
DA:104,0
DA:105,0
DA:108,0
DA:109,0
DA:114,0
DA:117,0
DA:118,0
DA:119,0
DA:122,0
DA:123,0
DA:124,0
DA:127,0
DA:132,0
DA:133,0
DA:138,0
LF:53
LH:0
BRDA:38,0,0,0
BRDA:43,1,0,0
BRDA:43,1,1,0
BRDA:45,2,0,0
BRDA:58,3,0,0
BRDA:58,3,1,0
BRDA:66,4,0,0
BRDA:72,5,0,0
BRDA:88,6,0,0
BRDA:98,7,0,0
BRDA:103,8,0,0
BRDA:103,9,0,0
BRDA:103,9,1,0
BRDA:108,10,0,0
BRDA:108,11,0,0
BRDA:108,11,1,0
BRDA:108,11,2,0
BRDA:112,12,0,0
BRDA:112,12,1,0
BRDA:117,13,0,0
BRDA:117,14,0,0
BRDA:117,14,1,0
BRDA:117,14,2,0
BRDA:122,15,0,0
BRDA:132,16,0,0
BRF:25
BRH:0
end_of_record
TN:
SF:app/api/ledger/route.ts
FN:18,GET
FN:68,POST
FNF:2
FNH:0
FNDA:0,GET
FNDA:0,POST
DA:1,0
DA:4,0
DA:5,0
DA:6,0
DA:10,0
DA:11,0
DA:12,0
DA:18,0
DA:19,0
DA:20,0
DA:21,0
DA:22,0
DA:25,0
DA:26,0
DA:35,0
DA:36,0
DA:37,0
DA:47,0
DA:48,0
DA:50,0
DA:59,0
DA:60,0
DA:68,0
DA:69,0
DA:70,0
DA:71,0
DA:72,0
DA:75,0
DA:76,0
DA:77,0
DA:80,0
DA:81,0
DA:82,0
DA:83,0
DA:93,0
DA:94,0
DA:96,0
DA:105,0
DA:106,0
LF:39
LH:0
BRDA:21,0,0,0
BRDA:27,1,0,0
BRDA:27,1,1,0
BRDA:28,2,0,0
BRDA:28,2,1,0
BRDA:29,3,0,0
BRDA:29,3,1,0
BRDA:30,4,0,0
BRDA:30,4,1,0
BRDA:31,5,0,0
BRDA:31,5,1,0
BRDA:32,6,0,0
BRDA:32,6,1,0
BRDA:36,7,0,0
BRDA:71,8,0,0
BRDA:75,9,0,0
BRDA:75,9,1,0
BRDA:76,10,0,0
BRDA:82,11,0,0
BRF:19
BRH:0
end_of_record
TN:
SF:app/api/ledger/[id]/route.ts
FN:19,GET
FNF:1
FNH:0
FNDA:0,GET
DA:1,0
DA:4,0
DA:5,0
DA:6,0
DA:7,0
DA:19,0
DA:20,0
DA:21,0
DA:22,0
DA:23,0
DA:26,0
DA:27,0
DA:28,0
DA:31,0
DA:33,0
DA:34,0
LF:16
LH:0
BRDA:22,0,0,0
BRDA:27,1,0,0
BRF:2
BRH:0
end_of_record
TN:
SF:app/api/ledger/balance-sheet/route.ts
FN:13,GET
FNF:1
FNH:0
FNDA:0,GET
DA:1,0
DA:4,0
DA:5,0
DA:6,0
DA:7,0
DA:13,0
DA:14,0
DA:15,0
DA:16,0
DA:17,0
DA:20,0
DA:21,0
DA:23,0
DA:27,0
DA:29,0
DA:30,0
LF:16
LH:0
BRDA:16,0,0,0
BRDA:21,1,0,0
BRDA:21,1,1,0
BRDA:24,2,0,0
BRDA:24,2,1,0
BRF:5
BRH:0
end_of_record
TN:
SF:app/api/ledger/profit-loss/route.ts
FN:13,GET
FNF:1
FNH:0
FNDA:0,GET
DA:1,0
DA:4,0
DA:5,0
DA:6,0
DA:7,0
DA:13,0
DA:14,0
DA:15,0
DA:16,0
DA:17,0
DA:20,0
DA:21,0
DA:22,0
DA:24,0
DA:29,0
DA:31,0
DA:32,0
LF:17
LH:0
BRDA:16,0,0,0
BRDA:21,1,0,0
BRDA:21,1,1,0
BRDA:22,2,0,0
BRDA:22,2,1,0
BRDA:25,3,0,0
BRDA:25,3,1,0
BRDA:26,4,0,0
BRDA:26,4,1,0
BRF:9
BRH:0
end_of_record
TN:
SF:app/api/ledger/trial-balance/route.ts
FN:13,GET
FNF:1
FNH:0
FNDA:0,GET
DA:1,0
DA:4,0
DA:5,0
DA:6,0
DA:7,0
DA:13,0
DA:14,0
DA:15,0
DA:16,0
DA:17,0
DA:20,0
DA:21,0
DA:22,0
DA:24,0
DA:29,0
DA:31,0
DA:32,0
LF:17
LH:0
BRDA:16,0,0,0
BRDA:21,1,0,0
BRDA:21,1,1,0
BRDA:22,2,0,0
BRDA:22,2,1,0
BRDA:25,3,0,0
BRDA:25,3,1,0
BRDA:26,4,0,0
BRDA:26,4,1,0
BRF:9
BRH:0
end_of_record
TN:
SF:app/api/locations/route.ts
FN:20,GET
FNF:1
FNH:0
FNDA:0,GET
DA:1,0
DA:7,0
DA:8,0
DA:9,0
DA:10,0
DA:20,0
DA:21,0
DA:23,0
DA:24,0
DA:25,0
DA:32,0
DA:33,0
DA:34,0
DA:35,0
DA:38,0
DA:39,0
DA:40,0
DA:44,0
DA:52,0
DA:54,0
DA:68,0
DA:69,0
LF:22
LH:0
BRDA:24,0,0,0
BRDA:34,1,0,0
BRDA:34,1,1,0
BRDA:35,2,0,0
BRDA:35,2,1,0
BRDA:39,3,0,0
BRF:6
BRH:0
end_of_record
TN:
SF:app/api/orders/[id]/payments/route.ts
FN:18,GET
FN:48,POST
FNF:2
FNH:0
FNDA:0,GET
FNDA:0,POST
DA:1,0
DA:4,0
DA:5,0
DA:10,0
DA:11,0
DA:12,0
DA:18,0
DA:22,0
DA:23,0
DA:24,0
DA:25,0
DA:28,0
DA:29,0
DA:31,0
DA:36,0
DA:37,0
DA:48,0
DA:52,0
DA:53,0
DA:54,0
DA:55,0
DA:58,0
DA:61,0
DA:66,0
DA:68,0
DA:73,0
DA:76,0
DA:77,0
DA:83,0
LF:29
LH:0
BRDA:24,0,0,0
BRDA:54,1,0,0
BRDA:76,2,0,0
BRF:3
BRH:0
end_of_record
TN:
SF:app/api/orders/[id]/payments/[paymentId]/route.ts
FN:13,DELETE
FNF:1
FNH:0
FNDA:0,DELETE
DA:1,0
DA:4,0
DA:5,0
DA:6,0
DA:7,0
DA:13,0
DA:17,0
DA:18,0
DA:19,0
DA:20,0
DA:24,0
DA:25,0
DA:26,0
DA:29,0
DA:31,0
DA:36,0
DA:37,0
LF:17
LH:0
BRDA:19,0,0,0
BRDA:25,1,0,0
BRF:2
BRH:0
end_of_record
TN:
SF:app/api/payment-reminders/route.ts
FN:14,GET
FN:62,POST
FNF:2
FNH:0
FNDA:0,GET
FNDA:0,POST
DA:1,0
DA:8,0
DA:9,0
DA:10,0
DA:11,0
DA:12,0
DA:14,0
DA:15,0
DA:17,0
DA:18,0
DA:19,0
DA:23,0
DA:24,0
DA:25,0
DA:26,0
DA:29,0
DA:30,0
DA:31,0
DA:34,0
DA:48,0
DA:54,0
DA:55,0
DA:62,0
DA:63,0
DA:65,0
DA:66,0
DA:67,0
DA:72,0
DA:74,0
DA:75,0
DA:79,0
DA:80,0
DA:83,0
DA:87,0
DA:88,0
DA:95,0
DA:112,0
DA:117,0
DA:118,0
DA:124,0
DA:125,0
DA:131,0
DA:132,0
LF:43
LH:0
BRDA:18,0,0,0
BRDA:23,1,0,0
BRDA:23,1,1,0
BRDA:24,2,0,0
BRDA:24,2,1,0
BRDA:30,3,0,0
BRDA:31,4,0,0
BRDA:66,5,0,0
BRDA:72,6,0,0
BRDA:72,6,1,0
BRDA:74,7,0,0
BRDA:87,8,0,0
BRDA:117,9,0,0
BRDA:124,10,0,0
BRDA:124,11,0,0
BRDA:124,11,1,0
BRF:16
BRH:0
end_of_record
TN:
SF:app/api/payment-reminders/[id]/route.ts
FN:14,GET
FN:54,PUT
FNF:2
FNH:0
FNDA:0,GET
FNDA:0,PUT
DA:1,0
DA:8,0
DA:9,0
DA:10,0
DA:11,0
DA:12,0
DA:14,0
DA:18,0
DA:20,0
DA:21,0
DA:22,0
DA:25,0
DA:28,0
DA:37,0
DA:38,0
DA:44,0
DA:46,0
DA:47,0
DA:54,0
DA:58,0
DA:60,0
DA:61,0
DA:62,0
DA:67,0
DA:69,0
DA:70,0
DA:73,0
DA:76,0
DA:77,0
DA:80,0
DA:88,0
DA:90,0
DA:91,0
DA:97,0
DA:98,0
DA:99,0
DA:101,0
DA:102,0
DA:109,0
DA:110,0
LF:40
LH:0
BRDA:21,0,0,0
BRDA:37,1,0,0
BRDA:61,2,0,0
BRDA:67,3,0,0
BRDA:67,3,1,0
BRDA:69,4,0,0
BRDA:90,5,0,0
BRDA:97,6,0,0
BRDA:98,7,0,0
BRDA:101,8,0,0
BRF:10
BRH:0
end_of_record
TN:
SF:app/api/payments/route-refactored.ts
FN:23,GET
FN:60,POST
FNF:2
FNH:0
FNDA:0,GET
FNDA:0,POST
DA:1,0
DA:13,0
DA:14,0
DA:15,0
DA:16,0
DA:17,0
DA:23,0
DA:24,0
DA:26,0
DA:27,0
DA:28,0
DA:32,0
DA:33,0
DA:35,0
DA:36,0
DA:43,0
DA:44,0
DA:46,0
DA:48,0
DA:49,0
DA:60,0
DA:61,0
DA:63,0
DA:64,0
DA:65,0
DA:70,0
DA:73,0
DA:74,0
DA:78,0
DA:79,0
DA:81,0
DA:82,0
DA:89,0
DA:90,0
DA:92,0
DA:94,0
DA:95,0
LF:37
LH:0
BRDA:27,0,0,0
BRDA:35,1,0,0
BRDA:64,2,0,0
BRDA:70,3,0,0
BRDA:70,3,1,0
BRDA:73,4,0,0
BRDA:81,5,0,0
BRF:7
BRH:0
end_of_record
TN:
SF:app/api/payments/route.ts
FN:18,GET
FN:70,POST
FNF:2
FNH:0
FNDA:0,GET
FNDA:0,POST
DA:1,0
DA:4,0
DA:5,0
DA:6,0
DA:10,0
DA:11,0
DA:12,0
DA:18,0
DA:19,0
DA:20,0
DA:21,0
DA:22,0
DA:25,0
DA:26,0
DA:37,0
DA:38,0
DA:39,0
DA:49,0
DA:50,0
DA:52,0
DA:61,0
DA:62,0
DA:70,0
DA:71,0
DA:72,0
DA:73,0
DA:74,0
DA:77,0
DA:78,0
DA:79,0
DA:82,0
DA:83,0
DA:84,0
DA:85,0
DA:95,0
DA:96,0
DA:98,0
DA:107,0
DA:108,0
DA:109,0
DA:111,0
LF:41
LH:0
BRDA:21,0,0,0
BRDA:27,1,0,0
BRDA:27,1,1,0
BRDA:28,2,0,0
BRDA:28,2,1,0
BRDA:29,3,0,0
BRDA:29,3,1,0
BRDA:30,4,0,0
BRDA:30,4,1,0
BRDA:31,5,0,0
BRDA:31,5,1,0
BRDA:32,6,0,0
BRDA:32,6,1,0
BRDA:33,7,0,0
BRDA:33,7,1,0
BRDA:34,8,0,0
BRDA:34,8,1,0
BRDA:38,9,0,0
BRDA:73,10,0,0
BRDA:77,11,0,0
BRDA:77,11,1,0
BRDA:78,12,0,0
BRDA:84,13,0,0
BRDA:108,14,0,0
BRF:24
BRH:0
end_of_record
TN:
SF:app/api/payments/[id]/route.ts
FN:21,GET
FN:44,PUT
FN:95,DELETE
FNF:3
FNH:0
FNDA:0,GET
FNDA:0,PUT
FNDA:0,DELETE
DA:1,0
DA:4,0
DA:5,0
DA:6,0
DA:7,0
DA:8,0
DA:9,0
DA:21,0
DA:22,0
DA:23,0
DA:24,0
DA:25,0
DA:28,0
DA:29,0
DA:30,0
DA:33,0
DA:35,0
DA:36,0
DA:44,0
DA:45,0
DA:46,0
DA:47,0
DA:48,0
DA:51,0
DA:52,0
DA:53,0
DA:56,0
DA:57,0
DA:58,0
DA:59,0
DA:69,0
DA:71,0
DA:76,0
DA:77,0
DA:78,0
DA:80,0
DA:85,0
DA:87,0
DA:95,0
DA:96,0
DA:97,0
DA:98,0
DA:99,0
DA:102,0
DA:103,0
DA:104,0
DA:107,0
DA:109,0
DA:111,0
DA:112,0
DA:113,0
DA:115,0
LF:52
LH:0
BRDA:24,0,0,0
BRDA:29,1,0,0
BRDA:47,2,0,0
BRDA:51,3,0,0
BRDA:51,3,1,0
BRDA:52,4,0,0
BRDA:58,5,0,0
BRDA:77,6,0,0
BRDA:80,7,0,0
BRDA:81,8,0,0
BRDA:81,8,1,0
BRDA:81,8,2,0
BRDA:98,9,0,0
BRDA:102,10,0,0
BRDA:102,10,1,0
BRDA:103,11,0,0
BRDA:112,12,0,0
BRF:17
BRH:0
end_of_record
TN:
SF:app/api/pos-sessions/route.ts
FN:15,POST
FN:49,GET
FNF:2
FNH:0
FNDA:0,POST
FNDA:0,GET
DA:1,0
DA:2,0
DA:6,0
DA:7,0
DA:8,0
DA:9,0
DA:15,0
DA:16,0
DA:17,0
DA:18,0
DA:19,0
DA:22,0
DA:23,0
DA:25,0
DA:32,0
DA:37,0
DA:38,0
DA:49,0
DA:50,0
DA:51,0
DA:52,0
DA:53,0
DA:56,0
DA:57,0
DA:58,0
DA:59,0
DA:61,0
DA:67,0
DA:73,0
DA:79,0
DA:80,0
LF:31
LH:0
BRDA:18,0,0,0
BRDA:39,1,0,0
BRDA:39,1,1,0
BRDA:40,2,0,0
BRDA:40,2,1,0
BRDA:52,3,0,0
BRDA:58,4,0,0
BRDA:58,4,1,0
BRDA:59,5,0,0
BRDA:59,5,1,0
BRDA:81,6,0,0
BRDA:81,6,1,0
BRDA:82,7,0,0
BRDA:82,7,1,0
BRF:14
BRH:0
end_of_record
TN:
SF:app/api/pos-sessions/[id]/route.ts
FN:12,GET
FN:56,PUT
FNF:2
FNH:0
FNDA:0,GET
FNDA:0,PUT
DA:1,0
DA:2,0
DA:3,0
DA:4,0
DA:5,0
DA:6,0
DA:12,0
DA:16,0
DA:17,0
DA:18,0
DA:19,0
DA:22,0
DA:24,0
DA:25,0
DA:32,0
DA:33,0
DA:39,0
DA:44,0
DA:45,0
DA:56,0
DA:60,0
DA:61,0
DA:62,0
DA:63,0
DA:66,0
DA:67,0
DA:69,0
DA:71,0
DA:72,0
DA:79,0
DA:80,0
DA:86,0
DA:91,0
DA:96,0
DA:97,0
LF:35
LH:0
BRDA:18,0,0,0
BRDA:24,1,0,0
BRDA:32,2,0,0
BRDA:46,3,0,0
BRDA:46,3,1,0
BRDA:47,4,0,0
BRDA:47,4,1,0
BRDA:62,5,0,0
BRDA:71,6,0,0
BRDA:79,7,0,0
BRDA:98,8,0,0
BRDA:98,8,1,0
BRDA:99,9,0,0
BRDA:99,9,1,0
BRF:14
BRH:0
end_of_record
TN:
SF:app/api/pos-sessions/[id]/reconcile/route.ts
FN:13,POST
FN:48,GET
FNF:2
FNH:0
FNDA:0,POST
FNDA:0,GET
DA:3,0
DA:4,0
DA:5,0
DA:6,0
DA:7,0
DA:9,0
DA:13,0
DA:17,0
DA:18,0
DA:19,0
DA:20,0
DA:23,0
DA:24,0
DA:26,0
DA:32,0
DA:37,0
DA:48,0
DA:52,0
DA:53,0
DA:54,0
DA:55,0
DA:58,0
DA:60,0
DA:65,0
LF:24
LH:0
BRDA:19,0,0,0
BRDA:28,1,0,0
BRDA:28,1,1,0
BRDA:38,2,0,0
BRDA:38,2,1,0
BRDA:54,3,0,0
BRDA:66,4,0,0
BRDA:66,4,1,0
BRF:8
BRH:0
end_of_record
TN:
SF:app/api/pos-sessions/[id]/summary/route.ts
FN:11,GET
FNF:1
FNH:0
FNDA:0,GET
DA:1,0
DA:2,0
DA:3,0
DA:4,0
DA:5,0
DA:11,0
DA:15,0
DA:16,0
DA:17,0
DA:18,0
DA:21,0
DA:23,0
DA:24,0
DA:31,0
DA:32,0
DA:38,0
DA:40,0
DA:45,0
DA:46,0
LF:19
LH:0
BRDA:17,0,0,0
BRDA:23,1,0,0
BRDA:31,2,0,0
BRDA:47,3,0,0
BRDA:47,3,1,0
BRDA:48,4,0,0
BRDA:48,4,1,0
BRF:7
BRH:0
end_of_record
TN:
SF:app/api/pos-sessions/[id]/update-totals/route.ts
FN:12,POST
FNF:1
FNH:0
FNDA:0,POST
DA:1,0
DA:2,0
DA:3,0
DA:4,0
DA:5,0
DA:6,0
DA:12,0
DA:16,0
DA:17,0
DA:18,0
DA:19,0
DA:22,0
DA:23,0
DA:25,0
DA:27,0
DA:28,0
DA:35,0
DA:36,0
DA:43,0
DA:44,0
DA:51,0
DA:57,0
DA:62,0
DA:63,0
LF:24
LH:0
BRDA:18,0,0,0
BRDA:27,1,0,0
BRDA:35,2,0,0
BRDA:43,3,0,0
BRDA:64,4,0,0
BRDA:64,4,1,0
BRDA:65,5,0,0
BRDA:65,5,1,0
BRF:8
BRH:0
end_of_record
TN:
SF:app/api/pos-sessions/active/route.ts
FN:11,GET
FNF:1
FNH:0
FNDA:0,GET
DA:1,0
DA:2,0
DA:3,0
DA:4,0
DA:5,0
DA:11,0
DA:12,0
DA:13,0
DA:14,0
DA:15,0
DA:18,0
DA:20,0
DA:21,0
DA:27,0
DA:32,0
DA:33,0
LF:16
LH:0
BRDA:14,0,0,0
BRDA:20,1,0,0
BRDA:34,2,0,0
BRDA:34,2,1,0
BRDA:35,3,0,0
BRDA:35,3,1,0
BRF:6
BRH:0
end_of_record
TN:
SF:app/api/pos-sessions/reconciliation/summary/route.ts
FN:8,GET
FNF:1
FNH:0
FNDA:0,GET
DA:3,0
DA:4,0
DA:5,0
DA:6,0
DA:8,0
DA:9,0
DA:10,0
DA:11,0
DA:12,0
DA:15,0
DA:16,0
DA:17,0
DA:19,0
DA:20,0
DA:26,0
DA:27,0
DA:29,0
DA:34,0
DA:39,0
LF:19
LH:0
BRDA:11,0,0,0
BRDA:19,1,0,0
BRDA:19,2,0,0
BRDA:19,2,1,0
BRDA:40,3,0,0
BRDA:40,3,1,0
BRF:6
BRH:0
end_of_record
TN:
SF:app/api/pos-sessions/unreconciled/route.ts
FN:8,GET
FNF:1
FNH:0
FNDA:0,GET
DA:3,0
DA:4,0
DA:5,0
DA:6,0
DA:8,0
DA:9,0
DA:10,0
DA:11,0
DA:12,0
DA:15,0
DA:16,0
DA:18,0
DA:20,0
DA:25,0
LF:14
LH:0
BRDA:11,0,0,0
BRDA:16,1,0,0
BRDA:16,1,1,0
BRDA:26,2,0,0
BRDA:26,2,1,0
BRF:5
BRH:0
end_of_record
TN:
SF:app/api/pos/sessions/route.ts
FN:18,GET
FN:68,POST
FNF:2
FNH:0
FNDA:0,GET
FNDA:0,POST
DA:1,0
DA:4,0
DA:5,0
DA:6,0
DA:10,0
DA:11,0
DA:12,0
DA:18,0
DA:19,0
DA:20,0
DA:21,0
DA:22,0
DA:25,0
DA:26,0
DA:35,0
DA:36,0
DA:37,0
DA:47,0
DA:48,0
DA:50,0
DA:59,0
DA:60,0
DA:68,0
DA:69,0
DA:70,0
DA:71,0
DA:72,0
DA:75,0
DA:76,0
DA:77,0
DA:80,0
DA:83,0
DA:84,0
DA:87,0
DA:88,0
DA:89,0
DA:99,0
DA:100,0
DA:102,0
DA:111,0
DA:112,0
DA:113,0
DA:115,0
LF:43
LH:0
BRDA:21,0,0,0
BRDA:27,1,0,0
BRDA:27,1,1,0
BRDA:28,2,0,0
BRDA:28,2,1,0
BRDA:29,3,0,0
BRDA:29,3,1,0
BRDA:30,4,0,0
BRDA:30,4,1,0
BRDA:31,5,0,0
BRDA:31,5,1,0
BRDA:32,6,0,0
BRDA:32,6,1,0
BRDA:36,7,0,0
BRDA:71,8,0,0
BRDA:75,9,0,0
BRDA:75,9,1,0
BRDA:76,10,0,0
BRDA:83,11,0,0
BRDA:88,12,0,0
BRDA:112,13,0,0
BRF:21
BRH:0
end_of_record
TN:
SF:app/api/pos/sessions/[id]/route.ts
FN:24,GET
FN:47,PUT
FNF:2
FNH:0
FNDA:0,GET
FNDA:0,PUT
DA:1,0
DA:4,0
DA:5,0
DA:6,0
DA:10,0
DA:11,0
DA:12,0
DA:24,0
DA:25,0
DA:26,0
DA:27,0
DA:28,0
DA:31,0
DA:32,0
DA:33,0
DA:36,0
DA:38,0
DA:39,0
DA:47,0
DA:48,0
DA:49,0
DA:50,0
DA:51,0
DA:54,0
DA:55,0
DA:56,0
DA:59,0
DA:60,0
DA:61,0
DA:62,0
DA:72,0
DA:73,0
DA:75,0
DA:84,0
DA:85,0
DA:86,0
DA:88,0
LF:37
LH:0
BRDA:27,0,0,0
BRDA:32,1,0,0
BRDA:50,2,0,0
BRDA:54,3,0,0
BRDA:54,3,1,0
BRDA:55,4,0,0
BRDA:61,5,0,0
BRDA:85,6,0,0
BRDA:85,7,0,0
BRDA:85,7,1,0
BRF:10
BRH:0
end_of_record
TN:
SF:app/api/pos/sessions/[id]/transactions/route.ts
FN:19,GET
FNF:1
FNH:0
FNDA:0,GET
DA:1,0
DA:4,0
DA:5,0
DA:6,0
DA:7,0
DA:19,0
DA:20,0
DA:21,0
DA:22,0
DA:23,0
DA:26,0
DA:28,0
DA:30,0
DA:31,0
LF:14
LH:0
BRDA:22,0,0,0
BRF:1
BRH:0
end_of_record
TN:
SF:app/api/pos/transactions/route.ts
FN:20,GET
FN:74,POST
FNF:2
FNH:0
FNDA:0,GET
FNDA:0,POST
DA:1,0
DA:4,0
DA:5,0
DA:6,0
DA:7,0
DA:11,0
DA:12,0
DA:13,0
DA:14,0
DA:20,0
DA:21,0
DA:22,0
DA:23,0
DA:24,0
DA:27,0
DA:28,0
DA:41,0
DA:42,0
DA:43,0
DA:53,0
DA:54,0
DA:56,0
DA:65,0
DA:66,0
DA:74,0
DA:76,0
DA:77,0
DA:78,0
DA:79,0
DA:82,0
DA:83,0
DA:84,0
DA:87,0
DA:88,0
DA:89,0
DA:90,0
DA:93,0
DA:94,0
DA:96,0
DA:105,0
DA:111,0
DA:112,0
DA:122,0
DA:123,0
DA:126,0
LF:45
LH:0
BRDA:23,0,0,0
BRDA:29,1,0,0
BRDA:29,1,1,0
BRDA:30,2,0,0
BRDA:30,2,1,0
BRDA:31,3,0,0
BRDA:31,3,1,0
BRDA:32,4,0,0
BRDA:32,4,1,0
BRDA:33,5,0,0
BRDA:33,5,1,0
BRDA:34,6,0,0
BRDA:34,6,1,0
BRDA:35,7,0,0
BRDA:35,7,1,0
BRDA:36,8,0,0
BRDA:36,8,1,0
BRDA:37,9,0,0
BRDA:37,9,1,0
BRDA:38,10,0,0
BRDA:38,10,1,0
BRDA:42,11,0,0
BRDA:78,12,0,0
BRDA:82,13,0,0
BRDA:82,13,1,0
BRDA:83,14,0,0
BRDA:89,15,0,0
BRDA:111,16,0,0
BRDA:122,17,0,0
BRF:29
BRH:0
end_of_record
TN:
SF:app/api/pos/transactions-integrated/route.ts
FN:120,POST
FN:213,OPTIONS
FNF:2
FNH:0
FNDA:0,POST
FNDA:0,OPTIONS
DA:1,0
DA:61,0
DA:65,0
DA:66,0
DA:67,0
DA:68,0
DA:74,0
DA:91,0
DA:98,0
DA:120,0
DA:121,0
DA:123,0
DA:124,0
DA:125,0
DA:133,0
DA:137,0
DA:138,0
DA:145,0
DA:146,0
DA:149,0
DA:150,0
DA:151,0
DA:162,0
DA:164,0
DA:173,0
DA:176,0
DA:177,0
DA:186,0
DA:187,0
DA:198,0
DA:199,0
DA:213,0
DA:214,0
LF:33
LH:0
BRDA:124,0,0,0
BRDA:133,1,0,0
BRDA:133,1,1,0
BRDA:133,1,2,0
BRDA:137,2,0,0
BRDA:150,3,0,0
BRDA:176,4,0,0
BRDA:186,5,0,0
BRDA:198,6,0,0
BRDA:198,6,1,0
BRF:10
BRH:0
end_of_record
TN:
SF:app/api/pos/transactions/[id]/route.ts
FN:19,GET
FNF:1
FNH:0
FNDA:0,GET
DA:1,0
DA:4,0
DA:5,0
DA:6,0
DA:7,0
DA:19,0
DA:20,0
DA:21,0
DA:22,0
DA:23,0
DA:26,0
DA:27,0
DA:28,0
DA:31,0
DA:33,0
DA:34,0
LF:16
LH:0
BRDA:22,0,0,0
BRDA:27,1,0,0
BRF:2
BRH:0
end_of_record
TN:
SF:app/api/pos/transactions/[id]/receipt/route.ts
FN:20,GET
FNF:1
FNH:0
FNDA:0,GET
DA:1,0
DA:4,0
DA:5,0
DA:6,0
DA:7,0
DA:20,0
DA:21,0
DA:22,0
DA:23,0
DA:24,0
DA:27,0
DA:28,0
DA:29,0
DA:34,0
DA:36,0
DA:37,0
LF:16
LH:0
BRDA:23,0,0,0
BRDA:28,1,0,0
BRF:2
BRH:0
end_of_record
TN:
SF:app/api/pricelists/route.ts
FN:12,GET
FN:55,POST
FNF:2
FNH:0
FNDA:0,GET
FNDA:0,POST
DA:1,0
DA:2,0
DA:3,0
DA:4,0
DA:5,0
DA:6,0
DA:12,0
DA:13,0
DA:14,0
DA:15,0
DA:16,0
DA:24,0
DA:28,0
DA:29,0
DA:35,0
DA:37,0
DA:42,0
DA:43,0
DA:44,0
DA:55,0
DA:56,0
DA:57,0
DA:58,0
DA:59,0
DA:66,0
DA:67,0
DA:68,0
DA:74,0
DA:77,0
DA:79,0
DA:81,0
DA:87,0
DA:88,0
DA:97,0
DA:98,0
DA:99,0
LF:36
LH:0
BRDA:15,0,0,0
BRDA:24,1,0,0
BRDA:24,1,1,0
BRDA:24,1,2,0
BRDA:28,2,0,0
BRDA:42,3,0,0
BRDA:42,3,1,0
BRDA:58,4,0,0
BRDA:67,5,0,0
BRDA:87,6,0,0
BRDA:87,7,0,0
BRDA:87,7,1,0
BRDA:97,8,0,0
BRDA:97,8,1,0
BRF:14
BRH:0
end_of_record
TN:
SF:app/api/pricelists/[pricelistId]/route.ts
FN:26,GET
FN:65,PUT
FN:101,(anonymous_6)
FN:106,(anonymous_7)
FN:107,(anonymous_8)
FN:190,DELETE
FNF:6
FNH:0
FNDA:0,GET
FNDA:0,PUT
FNDA:0,(anonymous_6)
FNDA:0,(anonymous_7)
FNDA:0,(anonymous_8)
FNDA:0,DELETE
DA:1,0
DA:2,0
DA:3,0
DA:4,0
DA:5,0
DA:11,0
DA:12,0
DA:13,0
DA:14,0
DA:26,0
DA:30,0
DA:31,0
DA:32,0
DA:33,0
DA:39,0
DA:40,0
DA:41,0
DA:47,0
DA:52,0
DA:53,0
DA:54,0
DA:65,0
DA:69,0
DA:70,0
DA:71,0
DA:72,0
DA:78,0
DA:79,0
DA:80,0
DA:86,0
DA:87,0
DA:90,0
DA:93,0
DA:96,0
DA:98,0
DA:101,0
DA:104,0
DA:106,0
DA:107,0
DA:111,0
DA:112,0
DA:113,0
DA:118,0
DA:120,0
DA:122,0
DA:124,0
DA:127,0
DA:161,0
DA:167,0
DA:168,0
DA:177,0
DA:178,0
DA:179,0
DA:190,0
DA:194,0
DA:196,0
DA:197,0
DA:198,0
DA:204,0
DA:205,0
DA:206,0
DA:212,0
DA:213,0
DA:214,0
DA:220,0
DA:222,0
DA:227,0
DA:228,0
DA:229,0
LF:69
LH:0
BRDA:32,0,0,0
BRDA:40,1,0,0
BRDA:52,2,0,0
BRDA:52,2,1,0
BRDA:71,3,0,0
BRDA:79,4,0,0
BRDA:96,5,0,0
BRDA:96,6,0,0
BRDA:96,6,1,0
BRDA:106,7,0,0
BRDA:106,7,1,0
BRDA:112,8,0,0
BRDA:122,9,0,0
BRDA:122,9,1,0
BRDA:122,10,0,0
BRDA:122,10,1,0
BRDA:139,11,0,0
BRDA:139,11,1,0
BRDA:142,12,0,0
BRDA:142,12,1,0
BRDA:145,13,0,0
BRDA:145,13,1,0
BRDA:148,14,0,0
BRDA:148,14,1,0
BRDA:151,15,0,0
BRDA:151,15,1,0
BRDA:167,16,0,0
BRDA:167,17,0,0
BRDA:167,17,1,0
BRDA:177,18,0,0
BRDA:177,18,1,0
BRDA:196,19,0,0
BRDA:205,20,0,0
BRDA:213,21,0,0
BRDA:227,22,0,0
BRDA:227,22,1,0
BRF:36
BRH:0
end_of_record
TN:
SF:app/api/pricelists/[pricelistId]/rules/route.ts
FN:20,POST
FNF:1
FNH:0
FNDA:0,POST
DA:1,0
DA:2,0
DA:3,0
DA:5,0
DA:6,0
DA:7,0
DA:8,0
DA:20,0
DA:21,0
DA:22,0
DA:23,0
DA:24,0
DA:27,0
DA:28,0
DA:29,0
DA:33,0
DA:37,0
DA:38,0
DA:44,0
DA:47,0
DA:50,0
DA:52,0
DA:57,0
DA:58,0
DA:67,0
DA:68,0
DA:69,0
LF:27
LH:0
BRDA:23,0,0,0
BRDA:28,1,0,0
BRDA:37,2,0,0
BRDA:57,3,0,0
BRDA:57,4,0,0
BRDA:57,4,1,0
BRDA:67,5,0,0
BRDA:67,5,1,0
BRF:8
BRH:0
end_of_record
TN:
SF:app/api/pricelists/[pricelistId]/rules/[ruleId]/route.ts
FN:20,GET
FN:51,PATCH
FN:80,(anonymous_6)
FN:123,DELETE
FNF:4
FNH:0
FNDA:0,GET
FNDA:0,PATCH
FNDA:0,(anonymous_6)
FNDA:0,DELETE
DA:1,0
DA:2,0
DA:3,0
DA:4,0
DA:5,0
DA:6,0
DA:7,0
DA:20,0
DA:21,0
DA:22,0
DA:23,0
DA:24,0
DA:27,0
DA:35,0
DA:36,0
DA:39,0
DA:41,0
DA:42,0
DA:43,0
DA:51,0
DA:52,0
DA:53,0
DA:54,0
DA:55,0
DA:58,0
DA:59,0
DA:60,0
DA:64,0
DA:68,0
DA:69,0
DA:72,0
DA:75,0
DA:78,0
DA:80,0
DA:81,0
DA:84,0
DA:85,0
DA:87,0
DA:92,0
DA:101,0
DA:103,0
DA:104,0
DA:113,0
DA:114,0
DA:115,0
DA:123,0
DA:124,0
DA:125,0
DA:126,0
DA:127,0
DA:130,0
DA:131,0
DA:132,0
DA:136,0
DA:140,0
DA:141,0
DA:145,0
DA:149,0
DA:154,0
DA:155,0
DA:156,0
LF:61
LH:0
BRDA:23,0,0,0
BRDA:35,1,0,0
BRDA:35,2,0,0
BRDA:35,2,1,0
BRDA:41,3,0,0
BRDA:41,3,1,0
BRDA:54,4,0,0
BRDA:59,5,0,0
BRDA:68,6,0,0
BRDA:68,7,0,0
BRDA:68,7,1,0
BRDA:81,8,0,0
BRDA:84,9,0,0
BRDA:84,9,1,0
BRDA:85,10,0,0
BRDA:85,10,1,0
BRDA:103,11,0,0
BRDA:103,12,0,0
BRDA:103,12,1,0
BRDA:113,13,0,0
BRDA:113,13,1,0
BRDA:126,14,0,0
BRDA:131,15,0,0
BRDA:140,16,0,0
BRDA:140,17,0,0
BRDA:140,17,1,0
BRDA:154,18,0,0
BRDA:154,18,1,0
BRF:28
BRH:0
end_of_record
TN:
SF:app/api/pricelists/calculate-price/route.ts
FN:23,POST
FNF:1
FNH:0
FNDA:0,POST
DA:1,0
DA:2,0
DA:3,0
DA:4,0
DA:5,0
DA:6,0
DA:23,0
DA:24,0
DA:25,0
DA:26,0
DA:27,0
DA:35,0
DA:39,0
DA:40,0
DA:46,0
DA:49,0
DA:51,0
DA:59,0
DA:65,0
DA:66,0
DA:75,0
DA:76,0
DA:77,0
LF:23
LH:0
BRDA:26,0,0,0
BRDA:35,1,0,0
BRDA:35,1,1,0
BRDA:35,1,2,0
BRDA:39,2,0,0
BRDA:54,3,0,0
BRDA:54,3,1,0
BRDA:65,4,0,0
BRDA:65,5,0,0
BRDA:65,5,1,0
BRDA:75,6,0,0
BRDA:75,6,1,0
BRF:12
BRH:0
end_of_record
TN:
SF:app/api/products/route.ts
FN:26,GET
FN:90,POST
FNF:2
FNH:0
FNDA:0,GET
FNDA:0,POST
DA:1,0
DA:4,0
DA:5,0
DA:6,0
DA:10,0
DA:11,0
DA:12,0
DA:26,0
DA:27,0
DA:28,0
DA:31,0
DA:32,0
DA:39,0
DA:40,0
DA:50,0
DA:51,0
DA:52,0
DA:62,0
DA:65,0
DA:67,0
DA:76,0
DA:77,0
DA:90,0
DA:91,0
DA:92,0
DA:95,0
DA:96,0
DA:103,0
DA:106,0
DA:107,0
DA:114,0
DA:117,0
DA:118,0
DA:119,0
DA:129,0
DA:132,0
DA:134,0
DA:143,0
DA:146,0
DA:147,0
DA:153,0
DA:154,0
DA:160,0
LF:43
LH:0
BRDA:31,0,0,0
BRDA:41,1,0,0
BRDA:41,1,1,0
BRDA:42,2,0,0
BRDA:42,2,1,0
BRDA:43,3,0,0
BRDA:43,3,1,0
BRDA:44,4,0,0
BRDA:44,4,1,0
BRDA:45,5,0,0
BRDA:45,5,1,0
BRDA:46,6,0,0
BRDA:46,6,1,0
BRDA:51,7,0,0
BRDA:95,8,0,0
BRDA:103,9,0,0
BRDA:103,9,1,0
BRDA:106,10,0,0
BRDA:118,11,0,0
BRDA:146,12,0,0
BRDA:153,13,0,0
BRF:21
BRH:0
end_of_record
TN:
SF:app/api/products/[id]/route.ts
FN:19,GET
FN:68,PUT
FN:156,DELETE
FNF:3
FNH:0
FNDA:0,GET
FNDA:0,PUT
FNDA:0,DELETE
DA:1,0
DA:4,0
DA:5,0
DA:6,0
DA:11,0
DA:12,0
DA:13,0
DA:19,0
DA:23,0
DA:24,0
DA:27,0
DA:28,0
DA:34,0
DA:37,0
DA:39,0
DA:40,0
DA:46,0
DA:54,0
DA:55,0
DA:68,0
DA:72,0
DA:73,0
DA:76,0
DA:77,0
DA:84,0
DA:87,0
DA:88,0
DA:94,0
DA:97,0
DA:100,0
DA:101,0
DA:102,0
DA:112,0
DA:115,0
DA:117,0
DA:126,0
DA:129,0
DA:130,0
DA:136,0
DA:137,0
DA:143,0
DA:156,0
DA:160,0
DA:161,0
DA:164,0
DA:165,0
DA:172,0
DA:175,0
DA:176,0
DA:182,0
DA:185,0
DA:187,0
DA:196,0
DA:198,0
DA:199,0
DA:205,0
LF:56
LH:0
BRDA:27,0,0,0
BRDA:39,1,0,0
BRDA:76,2,0,0
BRDA:84,3,0,0
BRDA:84,3,1,0
BRDA:87,4,0,0
BRDA:101,5,0,0
BRDA:129,6,0,0
BRDA:136,7,0,0
BRDA:164,8,0,0
BRDA:172,9,0,0
BRDA:172,9,1,0
BRDA:175,10,0,0
BRDA:198,11,0,0
BRF:14
BRH:0
end_of_record
TN:
SF:app/api/products/[id]/inventory-history/route.ts
FN:19,GET
FNF:1
FNH:0
FNDA:0,GET
DA:1,0
DA:4,0
DA:5,0
DA:6,0
DA:7,0
DA:19,0
DA:20,0
DA:21,0
DA:22,0
DA:23,0
DA:26,0
DA:28,0
DA:30,0
DA:31,0
LF:14
LH:0
BRDA:22,0,0,0
BRF:1
BRH:0
end_of_record
TN:
SF:app/api/purchase-orders/route.ts
FN:18,GET
FN:67,POST
FNF:2
FNH:0
FNDA:0,GET
FNDA:0,POST
DA:1,0
DA:4,0
DA:5,0
DA:6,0
DA:10,0
DA:11,0
DA:12,0
DA:18,0
DA:19,0
DA:20,0
DA:21,0
DA:22,0
DA:25,0
DA:26,0
DA:34,0
DA:35,0
DA:36,0
DA:46,0
DA:47,0
DA:49,0
DA:58,0
DA:59,0
DA:67,0
DA:68,0
DA:69,0
DA:70,0
DA:71,0
DA:74,0
DA:75,0
DA:76,0
DA:79,0
DA:80,0
DA:81,0
DA:82,0
DA:92,0
DA:93,0
DA:95,0
DA:104,0
DA:105,0
DA:106,0
DA:108,0
LF:41
LH:0
BRDA:21,0,0,0
BRDA:27,1,0,0
BRDA:27,1,1,0
BRDA:28,2,0,0
BRDA:28,2,1,0
BRDA:29,3,0,0
BRDA:29,3,1,0
BRDA:30,4,0,0
BRDA:30,4,1,0
BRDA:31,5,0,0
BRDA:31,5,1,0
BRDA:35,6,0,0
BRDA:70,7,0,0
BRDA:74,8,0,0
BRDA:74,8,1,0
BRDA:75,9,0,0
BRDA:81,10,0,0
BRDA:105,11,0,0
BRF:18
BRH:0
end_of_record
TN:
SF:app/api/purchase-orders/[id]/route.ts
FN:25,GET
FN:48,PUT
FN:91,DELETE
FNF:3
FNH:0
FNDA:0,GET
FNDA:0,PUT
FNDA:0,DELETE
DA:1,0
DA:4,0
DA:5,0
DA:6,0
DA:11,0
DA:12,0
DA:13,0
DA:25,0
DA:26,0
DA:27,0
DA:28,0
DA:29,0
DA:32,0
DA:33,0
DA:34,0
DA:37,0
DA:39,0
DA:40,0
DA:48,0
DA:49,0
DA:50,0
DA:51,0
DA:52,0
DA:55,0
DA:56,0
DA:57,0
DA:60,0
DA:61,0
DA:62,0
DA:63,0
DA:73,0
DA:74,0
DA:76,0
DA:79,0
DA:80,0
DA:81,0
DA:83,0
DA:91,0
DA:92,0
DA:93,0
DA:94,0
DA:95,0
DA:98,0
DA:99,0
DA:100,0
DA:103,0
DA:105,0
DA:107,0
DA:108,0
DA:109,0
DA:111,0
LF:51
LH:0
BRDA:28,0,0,0
BRDA:33,1,0,0
BRDA:51,2,0,0
BRDA:55,3,0,0
BRDA:55,3,1,0
BRDA:56,4,0,0
BRDA:62,5,0,0
BRDA:80,6,0,0
BRDA:94,7,0,0
BRDA:98,8,0,0
BRDA:98,8,1,0
BRDA:99,9,0,0
BRDA:108,10,0,0
BRF:13
BRH:0
end_of_record
TN:
SF:app/api/purchase-orders/[id]/grn/route.ts
FN:27,GET
FN:58,POST
FN:79,(anonymous_5)
FNF:3
FNH:0
FNDA:0,GET
FNDA:0,POST
FNDA:0,(anonymous_5)
DA:3,0
DA:4,0
DA:5,0
DA:6,0
DA:7,0
DA:10,0
DA:27,0
DA:28,0
DA:29,0
DA:30,0
DA:31,0
DA:34,0
DA:35,0
DA:37,0
DA:38,0
DA:39,0
DA:42,0
DA:43,0
DA:45,0
DA:46,0
DA:51,0
DA:58,0
DA:59,0
DA:60,0
DA:61,0
DA:62,0
DA:67,0
DA:69,0
DA:70,0
DA:73,0
DA:74,0
DA:76,0
DA:79,0
DA:92,0
DA:94,0
DA:95,0
DA:100,0
DA:101,0
DA:106,0
LF:39
LH:0
BRDA:30,0,0,0
BRDA:37,1,0,0
BRDA:45,2,0,0
BRDA:61,3,0,0
BRDA:67,4,0,0
BRDA:67,4,1,0
BRDA:69,5,0,0
BRDA:85,6,0,0
BRDA:85,6,1,0
BRDA:94,7,0,0
BRDA:100,8,0,0
BRF:11
BRH:0
end_of_record
TN:
SF:app/api/purchase-orders/[id]/partial-receipt/route.ts
FN:27,GET
FN:58,POST
FNF:2
FNH:0
FNDA:0,GET
FNDA:0,POST
DA:3,0
DA:8,0
DA:9,0
DA:10,0
DA:11,0
DA:13,0
DA:27,0
DA:28,0
DA:29,0
DA:30,0
DA:31,0
DA:34,0
DA:35,0
DA:37,0
DA:38,0
DA:39,0
DA:42,0
DA:43,0
DA:45,0
DA:46,0
DA:51,0
DA:58,0
DA:59,0
DA:60,0
DA:61,0
DA:62,0
DA:66,0
DA:68,0
DA:69,0
DA:72,0
DA:73,0
DA:75,0
DA:84,0
DA:86,0
DA:87,0
DA:92,0
DA:93,0
DA:98,0
LF:38
LH:0
BRDA:30,0,0,0
BRDA:37,1,0,0
BRDA:45,2,0,0
BRDA:61,3,0,0
BRDA:66,4,0,0
BRDA:66,4,1,0
BRDA:68,5,0,0
BRDA:86,6,0,0
BRDA:92,7,0,0
BRF:9
BRH:0
end_of_record
TN:
SF:app/api/purchase-orders/[id]/payments/route.ts
FN:24,GET
FN:44,POST
FN:91,DELETE
FNF:3
FNH:0
FNDA:0,GET
FNDA:0,POST
FNDA:0,DELETE
DA:1,0
DA:4,0
DA:5,0
DA:10,0
DA:11,0
DA:12,0
DA:24,0
DA:25,0
DA:26,0
DA:27,0
DA:28,0
DA:31,0
DA:33,0
DA:35,0
DA:36,0
DA:44,0
DA:45,0
DA:46,0
DA:47,0
DA:48,0
DA:53,0
DA:56,0
DA:57,0
DA:60,0
DA:61,0
DA:63,0
DA:65,0
DA:71,0
DA:73,0
DA:74,0
DA:80,0
DA:91,0
DA:92,0
DA:93,0
DA:94,0
DA:95,0
DA:100,0
DA:103,0
DA:104,0
DA:107,0
DA:108,0
DA:110,0
DA:112,0
DA:118,0
DA:120,0
DA:121,0
DA:127,0
LF:47
LH:0
BRDA:27,0,0,0
BRDA:47,1,0,0
BRDA:53,2,0,0
BRDA:53,2,1,0
BRDA:56,3,0,0
BRDA:73,4,0,0
BRDA:81,5,0,0
BRDA:81,5,1,0
BRDA:82,6,0,0
BRDA:82,6,1,0
BRDA:94,7,0,0
BRDA:100,8,0,0
BRDA:100,8,1,0
BRDA:103,9,0,0
BRDA:120,10,0,0
BRDA:128,11,0,0
BRDA:128,11,1,0
BRDA:129,12,0,0
BRDA:129,12,1,0
BRF:19
BRH:0
end_of_record
TN:
SF:app/api/receipts/route.ts
FN:7,POST
FNF:1
FNH:0
FNDA:0,POST
DA:1,0
DA:2,0
DA:3,0
DA:4,0
DA:5,0
DA:7,0
DA:8,0
DA:9,0
DA:10,0
DA:11,0
DA:14,0
DA:15,0
DA:17,0
DA:19,0
DA:24,0
LF:15
LH:0
BRDA:10,0,0,0
BRDA:25,1,0,0
BRDA:25,1,1,0
BRF:3
BRH:0
end_of_record
TN:
SF:app/api/refunds/route.ts
FN:7,POST
FN:31,GET
FNF:2
FNH:0
FNDA:0,POST
FNDA:0,GET
DA:1,0
DA:2,0
DA:3,0
DA:4,0
DA:5,0
DA:7,0
DA:8,0
DA:9,0
DA:10,0
DA:11,0
DA:14,0
DA:15,0
DA:17,0
DA:19,0
DA:24,0
DA:31,0
DA:32,0
DA:33,0
DA:34,0
DA:35,0
DA:39,0
DA:44,0
LF:22
LH:0
BRDA:10,0,0,0
BRDA:25,1,0,0
BRDA:25,1,1,0
BRDA:34,2,0,0
BRF:4
BRH:0
end_of_record
TN:
SF:app/api/refunds/[id]/route.ts
FN:7,PUT
FN:19,(anonymous_2)
FNF:2
FNH:0
FNDA:0,PUT
FNDA:0,(anonymous_2)
DA:1,0
DA:2,0
DA:3,0
DA:4,0
DA:5,0
DA:7,0
DA:11,0
DA:12,0
DA:13,0
DA:14,0
DA:18,0
DA:19,0
DA:20,0
DA:23,0
DA:24,0
DA:30,0
DA:37,0
DA:42,0
LF:18
LH:0
BRDA:13,0,0,0
BRDA:19,1,0,0
BRDA:43,2,0,0
BRDA:43,2,1,0
BRF:4
BRH:0
end_of_record
TN:
SF:app/api/reports/route.ts
FN:7,POST
FN:65,GET
FNF:2
FNH:0
FNDA:0,POST
FNDA:0,GET
DA:1,0
DA:2,0
DA:3,0
DA:4,0
DA:5,0
DA:7,0
DA:8,0
DA:9,0
DA:10,0
DA:11,0
DA:14,0
DA:15,0
DA:17,0
DA:18,0
DA:24,0
DA:25,0
DA:29,0
DA:31,0
DA:32,0
DA:35,0
DA:36,0
DA:39,0
DA:40,0
DA:41,0
DA:44,0
DA:47,0
DA:57,0
DA:58,0
DA:65,0
DA:66,0
DA:67,0
DA:68,0
DA:69,0
DA:73,0
DA:87,0
LF:35
LH:0
BRDA:10,0,0,0
BRDA:17,1,0,0
BRDA:17,2,0,0
BRDA:17,2,1,0
BRDA:17,2,2,0
BRDA:29,3,0,0
BRDA:29,3,1,0
BRDA:29,3,2,0
BRDA:29,3,3,0
BRDA:39,4,0,0
BRDA:39,4,1,0
BRDA:59,5,0,0
BRDA:59,5,1,0
BRDA:68,6,0,0
BRF:14
BRH:0
end_of_record
TN:
SF:app/api/reports/[id]/route.ts
FN:7,GET
FNF:1
FNH:0
FNDA:0,GET
DA:1,0
DA:2,0
DA:3,0
DA:4,0
DA:5,0
DA:7,0
DA:11,0
DA:12,0
DA:13,0
DA:14,0
DA:17,0
DA:18,0
DA:19,0
DA:21,0
DA:22,0
DA:29,0
DA:30,0
DA:34,0
DA:36,0
DA:37,0
DA:40,0
DA:43,0
DA:53,0
DA:54,0
LF:24
LH:0
BRDA:13,0,0,0
BRDA:21,1,0,0
BRDA:34,2,0,0
BRDA:34,2,1,0
BRDA:55,3,0,0
BRDA:55,3,1,0
BRF:6
BRH:0
end_of_record
TN:
SF:app/api/sales-orders/route.ts
FN:18,GET
FN:67,POST
FNF:2
FNH:0
FNDA:0,GET
FNDA:0,POST
DA:1,0
DA:4,0
DA:5,0
DA:6,0
DA:10,0
DA:11,0
DA:12,0
DA:18,0
DA:19,0
DA:20,0
DA:21,0
DA:22,0
DA:25,0
DA:26,0
DA:34,0
DA:35,0
DA:36,0
DA:46,0
DA:47,0
DA:49,0
DA:58,0
DA:59,0
DA:67,0
DA:68,0
DA:69,0
DA:70,0
DA:71,0
DA:74,0
DA:75,0
DA:76,0
DA:79,0
DA:80,0
DA:81,0
DA:82,0
DA:92,0
DA:93,0
DA:95,0
DA:104,0
DA:105,0
DA:106,0
DA:108,0
DA:109,0
DA:111,0
LF:43
LH:0
BRDA:21,0,0,0
BRDA:27,1,0,0
BRDA:27,1,1,0
BRDA:28,2,0,0
BRDA:28,2,1,0
BRDA:29,3,0,0
BRDA:29,3,1,0
BRDA:30,4,0,0
BRDA:30,4,1,0
BRDA:31,5,0,0
BRDA:31,5,1,0
BRDA:35,6,0,0
BRDA:70,7,0,0
BRDA:74,8,0,0
BRDA:74,8,1,0
BRDA:75,9,0,0
BRDA:81,10,0,0
BRDA:105,11,0,0
BRDA:108,12,0,0
BRF:19
BRH:0
end_of_record
TN:
SF:app/api/sales-orders/[id]/route.ts
FN:25,GET
FN:48,PUT
FN:91,DELETE
FNF:3
FNH:0
FNDA:0,GET
FNDA:0,PUT
FNDA:0,DELETE
DA:1,0
DA:4,0
DA:5,0
DA:6,0
DA:11,0
DA:12,0
DA:13,0
DA:25,0
DA:26,0
DA:27,0
DA:28,0
DA:29,0
DA:32,0
DA:33,0
DA:34,0
DA:37,0
DA:39,0
DA:40,0
DA:48,0
DA:49,0
DA:50,0
DA:51,0
DA:52,0
DA:55,0
DA:56,0
DA:57,0
DA:60,0
DA:61,0
DA:62,0
DA:63,0
DA:73,0
DA:74,0
DA:76,0
DA:79,0
DA:80,0
DA:81,0
DA:83,0
DA:91,0
DA:92,0
DA:93,0
DA:94,0
DA:95,0
DA:98,0
DA:99,0
DA:100,0
DA:103,0
DA:105,0
DA:107,0
DA:108,0
DA:109,0
DA:111,0
LF:51
LH:0
BRDA:28,0,0,0
BRDA:33,1,0,0
BRDA:51,2,0,0
BRDA:55,3,0,0
BRDA:55,3,1,0
BRDA:56,4,0,0
BRDA:62,5,0,0
BRDA:80,6,0,0
BRDA:94,7,0,0
BRDA:98,8,0,0
BRDA:98,8,1,0
BRDA:99,9,0,0
BRDA:108,10,0,0
BRF:13
BRH:0
end_of_record
TN:
SF:app/api/sales-orders/[id]/payments/route.ts
FN:19,GET
FNF:1
FNH:0
FNDA:0,GET
DA:1,0
DA:4,0
DA:5,0
DA:6,0
DA:7,0
DA:19,0
DA:20,0
DA:21,0
DA:22,0
DA:23,0
DA:26,0
DA:28,0
DA:30,0
DA:31,0
LF:14
LH:0
BRDA:22,0,0,0
BRF:1
BRH:0
end_of_record
TN:
SF:app/api/settings/currency/route.ts
FN:10,GET
FN:20,PUT
FNF:2
FNH:0
FNDA:0,GET
FNDA:0,PUT
DA:1,0
DA:2,0
DA:3,0
DA:4,0
DA:5,0
DA:7,0
DA:8,0
DA:10,0
DA:11,0
DA:12,0
DA:13,0
DA:14,0
DA:16,0
DA:20,0
DA:21,0
DA:22,0
DA:23,0
DA:24,0
DA:27,0
DA:28,0
DA:29,0
DA:32,0
DA:38,0
DA:40,0
LF:24
LH:0
BRDA:13,0,0,0
BRDA:13,0,1,0
BRDA:23,1,0,0
BRDA:28,2,0,0
BRDA:28,3,0,0
BRDA:28,3,1,0
BRF:6
BRH:0
end_of_record
TN:
SF:app/api/shifts/route.ts
FN:7,POST
FN:31,GET
FNF:2
FNH:0
FNDA:0,POST
FNDA:0,GET
DA:1,0
DA:2,0
DA:3,0
DA:4,0
DA:5,0
DA:7,0
DA:8,0
DA:9,0
DA:10,0
DA:11,0
DA:14,0
DA:15,0
DA:17,0
DA:19,0
DA:24,0
DA:31,0
DA:32,0
DA:33,0
DA:34,0
DA:35,0
DA:40,0
DA:42,0
DA:47,0
LF:23
LH:0
BRDA:10,0,0,0
BRDA:25,1,0,0
BRDA:25,1,1,0
BRDA:34,2,0,0
BRF:4
BRH:0
end_of_record
TN:
SF:app/api/shifts/[id]/route.ts
FN:7,PUT
FN:38,GET
FNF:2
FNH:0
FNDA:0,PUT
FNDA:0,GET
DA:1,0
DA:2,0
DA:3,0
DA:4,0
DA:5,0
DA:7,0
DA:11,0
DA:12,0
DA:13,0
DA:14,0
DA:17,0
DA:18,0
DA:24,0
DA:26,0
DA:31,0
DA:38,0
DA:42,0
DA:43,0
DA:44,0
DA:45,0
DA:48,0
DA:50,0
DA:55,0
LF:23
LH:0
BRDA:13,0,0,0
BRDA:32,1,0,0
BRDA:32,1,1,0
BRDA:44,2,0,0
BRF:4
BRH:0
end_of_record
TN:
SF:app/api/suppliers/route.ts
FN:14,GET
FN:42,POST
FNF:2
FNH:0
FNDA:0,GET
FNDA:0,POST
DA:3,0
DA:4,0
DA:5,0
DA:6,0
DA:14,0
DA:15,0
DA:16,0
DA:18,0
DA:22,0
DA:30,0
DA:31,0
DA:33,0
DA:42,0
DA:43,0
DA:44,0
DA:45,0
DA:47,0
DA:48,0
DA:49,0
DA:51,0
DA:53,0
DA:54,0
DA:56,0
DA:57,0
DA:59,0
LF:25
LH:0
BRDA:18,0,0,0
BRDA:18,1,0,0
BRDA:53,2,0,0
BRDA:56,3,0,0
BRF:4
BRH:0
end_of_record
TN:
SF:app/api/suppliers/[id]/route.ts
FN:13,GET
FN:34,PUT
FN:60,DELETE
FNF:3
FNH:0
FNDA:0,GET
FNDA:0,PUT
FNDA:0,DELETE
DA:3,0
DA:4,0
DA:5,0
DA:6,0
DA:13,0
DA:15,0
DA:16,0
DA:17,0
DA:19,0
DA:20,0
DA:23,0
DA:25,0
DA:34,0
DA:35,0
DA:36,0
DA:37,0
DA:39,0
DA:40,0
DA:41,0
DA:43,0
DA:45,0
DA:46,0
DA:48,0
DA:49,0
DA:51,0
DA:60,0
DA:62,0
DA:63,0
DA:64,0
DA:66,0
DA:67,0
DA:69,0
DA:70,0
DA:72,0
LF:34
LH:0
BRDA:19,0,0,0
BRDA:45,1,0,0
BRDA:48,2,0,0
BRDA:69,3,0,0
BRF:4
BRH:0
end_of_record
TN:
SF:app/api/suppliers/[id]/aging/route.ts
FN:16,GET
FNF:1
FNH:0
FNDA:0,GET
DA:3,0
DA:4,0
DA:5,0
DA:6,0
DA:16,0
DA:17,0
DA:18,0
DA:19,0
DA:20,0
DA:23,0
DA:25,0
DA:27,0
LF:12
LH:0
BRDA:19,0,0,0
BRDA:28,1,0,0
BRDA:28,1,1,0
BRDA:29,2,0,0
BRDA:29,2,1,0
BRF:5
BRH:0
end_of_record
TN:
SF:app/api/suppliers/[id]/balance/route.ts
FN:12,GET
FNF:1
FNH:0
FNDA:0,GET
DA:3,0
DA:4,0
DA:5,0
DA:12,0
DA:14,0
DA:15,0
DA:16,0
DA:18,0
DA:19,0
DA:22,0
DA:24,0
LF:11
LH:0
BRDA:18,0,0,0
BRF:1
BRH:0
end_of_record
TN:
SF:app/api/suppliers/[id]/orders/route.ts
FN:13,GET
FNF:1
FNH:0
FNDA:0,GET
DA:3,0
DA:4,0
DA:5,0
DA:13,0
DA:15,0
DA:16,0
DA:17,0
DA:19,0
DA:25,0
DA:27,0
LF:10
LH:0
BRDA:17,0,0,0
BRDA:17,1,0,0
BRF:2
BRH:0
end_of_record
TN:
SF:app/api/suppliers/[id]/reconciliation/route.ts
FN:16,GET
FNF:1
FNH:0
FNDA:0,GET
DA:3,0
DA:4,0
DA:5,0
DA:6,0
DA:16,0
DA:17,0
DA:18,0
DA:19,0
DA:20,0
DA:23,0
DA:24,0
DA:25,0
DA:27,0
DA:33,0
DA:35,0
DA:36,0
DA:37,0
DA:38,0
DA:39,0
DA:41,0
LF:20
LH:0
BRDA:19,0,0,0
BRDA:29,1,0,0
BRDA:29,1,1,0
BRDA:30,2,0,0
BRDA:30,2,1,0
BRDA:37,3,0,0
BRDA:39,4,0,0
BRF:7
BRH:0
end_of_record
TN:
SF:app/api/suppliers/[id]/statement/route.ts
FN:16,GET
FNF:1
FNH:0
FNDA:0,GET
DA:3,0
DA:4,0
DA:5,0
DA:6,0
DA:16,0
DA:17,0
DA:18,0
DA:19,0
DA:20,0
DA:23,0
DA:24,0
DA:25,0
DA:27,0
DA:28,0
DA:34,0
DA:35,0
DA:37,0
DA:38,0
DA:44,0
DA:46,0
DA:48,0
DA:49,0
DA:50,0
DA:51,0
DA:52,0
DA:54,0
LF:26
LH:0
BRDA:19,0,0,0
BRDA:27,1,0,0
BRDA:27,2,0,0
BRDA:27,2,1,0
BRDA:37,3,0,0
BRDA:37,4,0,0
BRDA:37,4,1,0
BRDA:50,5,0,0
BRDA:52,6,0,0
BRF:9
BRH:0
end_of_record
TN:
SF:app/api/terminals/route.ts
FN:7,POST
FN:36,GET
FNF:2
FNH:0
FNDA:0,POST
FNDA:0,GET
DA:1,0
DA:2,0
DA:3,0
DA:4,0
DA:5,0
DA:7,0
DA:8,0
DA:9,0
DA:10,0
DA:11,0
DA:15,0
DA:16,0
DA:19,0
DA:20,0
DA:22,0
DA:24,0
DA:29,0
DA:36,0
DA:37,0
DA:38,0
DA:39,0
DA:40,0
DA:43,0
DA:45,0
DA:50,0
LF:25
LH:0
BRDA:10,0,0,0
BRDA:15,1,0,0
BRDA:30,2,0,0
BRDA:30,2,1,0
BRDA:39,3,0,0
BRF:5
BRH:0
end_of_record
TN:
SF:app/api/terminals/dashboard/route.ts
FN:6,GET
FNF:1
FNH:0
FNDA:0,GET
DA:1,0
DA:2,0
DA:3,0
DA:4,0
DA:6,0
DA:7,0
DA:8,0
DA:9,0
DA:10,0
DA:13,0
DA:15,0
DA:20,0
LF:12
LH:0
BRDA:9,0,0,0
BRF:1
BRH:0
end_of_record
TN:
SF:app/api/uploads/image/route.ts
FN:13,POST
FNF:1
FNH:0
FNDA:0,POST
DA:1,0
DA:2,0
DA:3,0
DA:4,0
DA:5,0
DA:6,0
DA:8,0
DA:9,0
DA:11,0
DA:13,0
DA:14,0
DA:15,0
DA:17,0
DA:18,0
DA:22,0
DA:24,0
DA:25,0
DA:31,0
DA:32,0
DA:33,0
DA:35,0
DA:36,0
DA:39,0
DA:40,0
DA:46,0
DA:47,0
DA:53,0
DA:59,0
DA:67,0
DA:69,0
LF:30
LH:0
BRDA:17,0,0,0
BRDA:22,1,0,0
BRDA:22,1,1,0
BRDA:24,2,0,0
BRDA:35,3,0,0
BRDA:39,4,0,0
BRDA:46,5,0,0
BRDA:55,6,0,0
BRDA:55,6,1,0
BRDA:70,7,0,0
BRDA:70,7,1,0
BRF:11
BRH:0
end_of_record
TN:
SF:app/dashboard/layout.tsx
FN:8,DashboardLayout
FNF:1
FNH:0
FNDA:0,DashboardLayout
DA:1,0
DA:8,0
LF:2
LH:0
BRF:0
BRH:0
end_of_record
TN:
SF:app/dashboard/page.tsx
FN:6,DashboardPage
FN:64,(anonymous_2)
FN:132,(anonymous_3)
FNF:3
FNH:0
FNDA:0,DashboardPage
FNDA:0,(anonymous_2)
FNDA:0,(anonymous_3)
DA:3,0
DA:4,0
DA:6,0
DA:7,0
DA:46,0
DA:65,0
DA:66,0
DA:133,0
LF:8
LH:0
BRDA:75,0,0,0
BRDA:75,0,1,0
BRDA:140,1,0,0
BRDA:140,1,1,0
BRDA:142,2,0,0
BRDA:142,2,1,0
BRF:6
BRH:0
end_of_record
TN:
SF:app/dashboard/accounting/page.tsx
FN:7,AccountingOverviewPage
FNF:1
FNH:0
FNDA:0,AccountingOverviewPage
DA:3,0
DA:4,0
DA:5,0
DA:7,0
LF:4
LH:0
BRF:0
BRH:0
end_of_record
TN:
SF:app/dashboard/accounting/balance-sheet/page.tsx
FN:18,BalanceSheetPage
FNF:1
FNH:0
FNDA:0,BalanceSheetPage
DA:3,0
DA:4,0
DA:5,0
DA:6,0
DA:7,0
DA:8,0
DA:9,0
DA:10,0
DA:18,0
DA:19,0
DA:20,0
DA:21,0
DA:24,0
DA:26,0
LF:14
LH:0
BRDA:20,0,0,0
BRDA:24,1,0,0
BRDA:24,1,1,0
BRF:3
BRH:0
end_of_record
TN:
SF:app/dashboard/accounting/ledger/page.tsx
FN:20,LedgerPage
FNF:1
FNH:0
FNDA:0,LedgerPage
DA:3,0
DA:4,0
DA:5,0
DA:6,0
DA:7,0
DA:20,0
DA:21,0
DA:23,0
DA:24,0
DA:27,0
DA:36,0
DA:39,0
LF:12
LH:0
BRDA:23,0,0,0
BRDA:28,1,0,0
BRDA:28,1,1,0
BRDA:29,2,0,0
BRDA:29,2,1,0
BRDA:32,3,0,0
BRDA:32,3,1,0
BRDA:33,4,0,0
BRDA:33,4,1,0
BRDA:53,5,0,0
BRDA:53,5,1,0
BRDA:54,6,0,0
BRDA:54,6,1,0
BRDA:55,7,0,0
BRDA:55,7,1,0
BRDA:56,8,0,0
BRDA:56,8,1,0
BRF:17
BRH:0
end_of_record
TN:
SF:app/dashboard/accounting/profit-loss/page.tsx
FN:19,ProfitLossPage
FNF:1
FNH:0
FNDA:0,ProfitLossPage
DA:3,0
DA:4,0
DA:5,0
DA:6,0
DA:7,0
DA:8,0
DA:9,0
DA:10,0
DA:19,0
DA:20,0
DA:21,0
DA:22,0
DA:25,0
DA:26,0
DA:28,0
LF:15
LH:0
BRDA:21,0,0,0
BRDA:25,1,0,0
BRDA:25,1,1,0
BRDA:26,2,0,0
BRDA:26,2,1,0
BRF:5
BRH:0
end_of_record
TN:
SF:app/dashboard/accounting/trial-balance/page.tsx
FN:19,TrialBalancePage
FNF:1
FNH:0
FNDA:0,TrialBalancePage
DA:3,0
DA:4,0
DA:5,0
DA:6,0
DA:7,0
DA:8,0
DA:9,0
DA:10,0
DA:19,0
DA:20,0
DA:21,0
DA:22,0
DA:25,0
DA:26,0
DA:28,0
LF:15
LH:0
BRDA:21,0,0,0
BRDA:25,1,0,0
BRDA:25,1,1,0
BRDA:26,2,0,0
BRDA:26,2,1,0
BRF:5
BRH:0
end_of_record
TN:
SF:app/dashboard/analytics/page.tsx
FN:7,AnalyticsPage
FN:91,(anonymous_2)
FN:111,(anonymous_3)
FN:134,(anonymous_4)
FN:168,(anonymous_5)
FN:208,(anonymous_6)
FN:232,(anonymous_7)
FNF:7
FNH:0
FNDA:0,AnalyticsPage
FNDA:0,(anonymous_2)
FNDA:0,(anonymous_3)
FNDA:0,(anonymous_4)
FNDA:0,(anonymous_5)
FNDA:0,(anonymous_6)
FNDA:0,(anonymous_7)
DA:3,0
DA:4,0
DA:5,0
DA:7,0
DA:8,0
DA:10,0
DA:45,0
DA:52,0
DA:60,0
DA:68,0
DA:92,0
DA:112,0
DA:135,0
DA:169,0
DA:209,0
DA:233,0
LF:16
LH:0
BRDA:95,0,0,0
BRDA:95,0,1,0
BRDA:118,1,0,0
BRDA:118,1,1,0
BRDA:244,2,0,0
BRDA:244,2,1,0
BRDA:246,3,0,0
BRDA:246,3,1,0
BRDA:248,4,0,0
BRDA:248,4,1,0
BRF:10
BRH:0
end_of_record
TN:
SF:app/dashboard/categories/page.tsx
FN:10,CategoriesPage
FNF:1
FNH:0
FNDA:0,CategoriesPage
DA:1,0
DA:2,0
DA:3,0
DA:4,0
DA:6,0
DA:7,0
DA:8,0
DA:10,0
DA:11,0
DA:14,0
DA:18,0
DA:19,0
DA:21,0
DA:22,0
DA:23,0
DA:25,0
LF:16
LH:0
BRDA:14,0,0,0
BRDA:14,0,1,0
BRDA:14,0,2,0
BRDA:21,1,0,0
BRDA:50,2,0,0
BRDA:58,3,0,0
BRF:6
BRH:0
end_of_record
TN:
SF:app/dashboard/categories/[id]/edit/page.tsx
FN:16,EditCategoryPage
FN:27,(anonymous_2)
FN:37,(anonymous_3)
FN:44,(anonymous_4)
FN:47,(anonymous_5)
FNF:5
FNH:0
FNDA:0,EditCategoryPage
FNDA:0,(anonymous_2)
FNDA:0,(anonymous_3)
FNDA:0,(anonymous_4)
FNDA:0,(anonymous_5)
DA:5,0
DA:6,0
DA:8,0
DA:9,0
DA:10,0
DA:16,0
DA:17,0
DA:18,0
DA:19,0
DA:20,0
DA:21,0
DA:22,0
DA:24,0
DA:27,0
DA:28,0
DA:30,0
DA:31,0
DA:32,0
DA:35,0
DA:36,0
DA:37,0
DA:38,0
DA:44,0
DA:45,0
DA:47,0
DA:48,0
DA:49,0
DA:51,0
DA:52,0
DA:54,0
DA:55,0
DA:58,0
DA:60,0
DA:61,0
DA:64,0
DA:66,0
DA:67,0
DA:68,0
DA:70,0
DA:74,0
DA:77,0
DA:85,0
DA:100,0
LF:43
LH:0
BRDA:24,0,0,0
BRDA:24,0,1,0
BRDA:28,1,0,0
BRDA:30,2,0,0
BRDA:35,3,0,0
BRDA:37,4,0,0
BRDA:37,5,0,0
BRDA:37,5,1,0
BRDA:45,6,0,0
BRDA:54,7,0,0
BRDA:60,8,0,0
BRDA:61,9,0,0
BRDA:61,9,1,0
BRDA:66,10,0,0
BRDA:66,10,1,0
BRDA:77,11,0,0
BRDA:77,12,0,0
BRDA:77,12,1,0
BRDA:85,13,0,0
BRDA:100,14,0,0
BRF:20
BRH:0
end_of_record
TN:
SF:app/dashboard/categories/new/page.tsx
FN:14,NewCategoryPage
FN:19,(anonymous_2)
FN:29,(anonymous_3)
FNF:3
FNH:0
FNDA:0,NewCategoryPage
FNDA:0,(anonymous_2)
FNDA:0,(anonymous_3)
DA:5,0
DA:6,0
DA:7,0
DA:8,0
DA:14,0
DA:15,0
DA:16,0
DA:19,0
DA:20,0
DA:22,0
DA:23,0
DA:24,0
DA:27,0
DA:28,0
DA:29,0
DA:30,0
DA:35,0
LF:17
LH:0
BRDA:20,0,0,0
BRDA:22,1,0,0
BRDA:27,2,0,0
BRDA:29,3,0,0
BRDA:29,4,0,0
BRDA:29,4,1,0
BRDA:35,5,0,0
BRF:7
BRH:0
end_of_record
TN:
SF:app/dashboard/change-password/page.tsx
FN:10,ChangePasswordPage
FNF:1
FNH:0
FNDA:0,ChangePasswordPage
DA:1,0
DA:2,0
DA:3,0
DA:4,0
DA:6,0
DA:10,0
DA:11,0
DA:12,0
DA:13,0
LF:9
LH:0
BRDA:12,0,0,0
BRF:1
BRH:0
end_of_record
TN:
SF:app/dashboard/customers/page.tsx
FN:10,CustomersPage
FNF:1
FNH:0
FNDA:0,CustomersPage
DA:3,0
DA:4,0
DA:5,0
DA:6,0
DA:8,0
DA:10,0
DA:11,0
DA:12,0
DA:13,0
DA:14,0
DA:15,0
DA:16,0
DA:18,0
LF:13
LH:0
BRDA:11,0,0,0
BRDA:11,0,1,0
BRDA:12,1,0,0
BRDA:12,1,1,0
BRDA:13,2,0,0
BRDA:13,2,1,0
BRF:6
BRH:0
end_of_record
TN:
SF:app/dashboard/customers/[id]/page.tsx
FN:13,CustomerDetailPage
FN:83,(anonymous_3)
FNF:2
FNH:0
FNDA:0,CustomerDetailPage
FNDA:0,(anonymous_3)
DA:3,0
DA:4,0
DA:5,0
DA:6,0
DA:7,0
DA:8,0
DA:9,0
DA:11,0
DA:13,0
DA:14,0
DA:16,0
DA:84,0
LF:12
LH:0
BRDA:30,0,0,0
BRDA:41,1,0,0
BRDA:41,1,1,0
BRDA:45,2,0,0
BRDA:45,2,1,0
BRDA:49,3,0,0
BRDA:49,3,1,0
BRDA:53,4,0,0
BRDA:53,4,1,0
BRDA:80,5,0,0
BRDA:90,6,0,0
BRDA:90,6,1,0
BRDA:91,7,0,0
BRDA:91,7,1,0
BRF:14
BRH:0
end_of_record
TN:
SF:app/dashboard/customers/[id]/edit/page.tsx
FN:9,EditCustomerPage
FN:15,(anonymous_2)
FN:17,(anonymous_3)
FN:18,(anonymous_4)
FN:25,(anonymous_5)
FNF:5
FNH:0
FNDA:0,EditCustomerPage
FNDA:0,(anonymous_2)
FNDA:0,(anonymous_3)
FNDA:0,(anonymous_4)
FNDA:0,(anonymous_5)
DA:4,0
DA:5,0
DA:6,0
DA:7,0
DA:9,0
DA:10,0
DA:11,0
DA:12,0
DA:13,0
DA:15,0
DA:16,0
DA:17,0
DA:19,0
DA:20,0
DA:21,0
DA:25,0
DA:26,0
DA:27,0
DA:28,0
DA:29,0
DA:30,0
DA:35,0
DA:36,0
DA:37,0
DA:39,0
DA:41,0
LF:26
LH:0
BRDA:19,0,0,0
BRDA:19,0,1,0
BRDA:36,1,0,0
BRDA:74,2,0,0
BRF:4
BRH:0
end_of_record
TN:
SF:app/dashboard/customers/[id]/orders/page.tsx
FN:12,CustomerOrdersPage
FN:22,(anonymous_3)
FN:34,(anonymous_4)
FN:43,(anonymous_5)
FN:54,(anonymous_6)
FN:58,(anonymous_7)
FN:68,(anonymous_8)
FN:77,(anonymous_9)
FN:79,(anonymous_10)
FN:136,(anonymous_12)
FN:140,(anonymous_13)
FN:212,(anonymous_14)
FN:224,(anonymous_15)
FNF:13
FNH:0
FNDA:0,CustomerOrdersPage
FNDA:0,(anonymous_3)
FNDA:0,(anonymous_4)
FNDA:0,(anonymous_5)
FNDA:0,(anonymous_6)
FNDA:0,(anonymous_7)
FNDA:0,(anonymous_8)
FNDA:0,(anonymous_9)
FNDA:0,(anonymous_10)
FNDA:0,(anonymous_12)
FNDA:0,(anonymous_13)
FNDA:0,(anonymous_14)
FNDA:0,(anonymous_15)
DA:3,0
DA:4,0
DA:5,0
DA:6,0
DA:7,0
DA:8,0
DA:9,0
DA:10,0
DA:12,0
DA:13,0
DA:14,0
DA:15,0
DA:16,0
DA:17,0
DA:18,0
DA:19,0
DA:20,0
DA:22,0
DA:23,0
DA:24,0
DA:25,0
DA:26,0
DA:28,0
DA:30,0
DA:34,0
DA:35,0
DA:36,0
DA:39,0
DA:40,0
DA:41,0
DA:42,0
DA:43,0
DA:48,0
DA:50,0
DA:54,0
DA:55,0
DA:58,0
DA:59,0
DA:60,0
DA:61,0
DA:62,0
DA:64,0
DA:68,0
DA:69,0
DA:70,0
DA:72,0
DA:73,0
DA:77,0
DA:79,0
DA:80,0
DA:81,0
DA:82,0
DA:84,0
DA:86,0
DA:87,0
DA:136,0
DA:140,0
DA:212,0
DA:225,0
LF:59
LH:0
BRDA:13,0,0,0
BRDA:13,0,1,0
BRDA:14,1,0,0
BRDA:14,1,1,0
BRDA:15,2,0,0
BRDA:15,2,1,0
BRDA:26,3,0,0
BRDA:26,3,1,0
BRDA:35,4,0,0
BRDA:45,5,0,0
BRDA:45,5,1,0
BRDA:61,6,0,0
BRDA:69,7,0,0
BRDA:69,7,1,0
BRDA:81,8,0,0
BRDA:81,8,1,0
BRDA:86,9,0,0
BRDA:106,10,0,0
BRDA:110,11,0,0
BRDA:138,12,0,0
BRDA:138,12,1,0
BRDA:144,13,0,0
BRDA:144,13,1,0
BRDA:144,14,0,0
BRDA:144,14,1,0
BRDA:148,15,0,0
BRDA:148,15,1,0
BRDA:149,16,0,0
BRDA:149,16,1,0
BRDA:152,17,0,0
BRDA:152,17,1,0
BRDA:157,18,0,0
BRDA:157,18,1,0
BRDA:157,19,0,0
BRDA:157,19,1,0
BRDA:158,20,0,0
BRDA:158,20,1,0
BRDA:158,21,0,0
BRDA:158,21,1,0
BRDA:159,22,0,0
BRDA:159,22,1,0
BRDA:159,23,0,0
BRDA:159,23,1,0
BRDA:160,24,0,0
BRDA:160,24,1,0
BRDA:167,25,0,0
BRDA:167,25,1,0
BRDA:185,26,0,0
BRDA:185,26,1,0
BRDA:204,27,0,0
BRDA:204,27,1,0
BRDA:206,28,0,0
BRDA:206,28,1,0
BRDA:220,29,0,0
BRDA:220,29,1,0
BRDA:227,30,0,0
BRDA:227,30,1,0
BRDA:228,31,0,0
BRDA:228,31,1,0
BRDA:244,32,0,0
BRDA:251,33,0,0
BRDA:251,33,1,0
BRF:62
BRH:0
end_of_record
TN:
SF:app/dashboard/customers/[id]/pay/page.tsx
FN:16,PayBalancePage
FN:28,(anonymous_3)
FN:31,(anonymous_4)
FN:32,(anonymous_5)
FN:40,(anonymous_6)
FN:44,(anonymous_7)
FN:134,(anonymous_8)
FNF:7
FNH:0
FNDA:0,PayBalancePage
FNDA:0,(anonymous_3)
FNDA:0,(anonymous_4)
FNDA:0,(anonymous_5)
FNDA:0,(anonymous_6)
FNDA:0,(anonymous_7)
FNDA:0,(anonymous_8)
DA:4,0
DA:5,0
DA:6,0
DA:7,0
DA:8,0
DA:9,0
DA:12,0
DA:13,0
DA:14,0
DA:16,0
DA:17,0
DA:18,0
DA:19,0
DA:20,0
DA:22,0
DA:23,0
DA:24,0
DA:25,0
DA:26,0
DA:28,0
DA:29,0
DA:30,0
DA:31,0
DA:33,0
DA:34,0
DA:36,0
DA:37,0
DA:40,0
DA:44,0
DA:45,0
DA:46,0
DA:47,0
DA:49,0
DA:50,0
DA:59,0
DA:61,0
DA:62,0
DA:65,0
DA:69,0
DA:71,0
DA:72,0
DA:78,0
DA:82,0
DA:92,0
DA:134,0
LF:45
LH:0
BRDA:29,0,0,0
BRDA:33,1,0,0
BRDA:33,1,1,0
BRDA:61,2,0,0
BRDA:62,3,0,0
BRDA:62,3,1,0
BRDA:82,4,0,0
BRDA:82,5,0,0
BRDA:82,5,1,0
BRDA:92,6,0,0
BRDA:112,7,0,0
BRDA:157,8,0,0
BRDA:157,8,1,0
BRF:13
BRH:0
end_of_record
TN:
SF:app/dashboard/customers/new/page.tsx
FN:9,NewCustomerPage
FN:14,(anonymous_2)
FNF:2
FNH:0
FNDA:0,NewCustomerPage
FNDA:0,(anonymous_2)
DA:4,0
DA:5,0
DA:6,0
DA:7,0
DA:9,0
DA:10,0
DA:11,0
DA:12,0
DA:14,0
DA:15,0
DA:16,0
DA:17,0
DA:18,0
DA:19,0
DA:24,0
DA:25,0
DA:26,0
DA:28,0
DA:30,0
LF:19
LH:0
BRDA:25,0,0,0
BRDA:40,1,0,0
BRF:2
BRH:0
end_of_record
TN:
SF:app/dashboard/daybook/[id]/page.tsx
FN:16,DayBookPage
FNF:1
FNH:0
FNDA:0,DayBookPage
DA:1,0
DA:2,0
DA:3,0
DA:4,0
DA:5,0
DA:6,0
DA:7,0
DA:8,0
DA:9,0
DA:10,0
DA:16,0
DA:17,0
DA:19,0
DA:20,0
DA:23,0
DA:25,0
LF:16
LH:0
BRDA:19,0,0,0
BRDA:25,1,0,0
BRDA:60,2,0,0
BRDA:60,2,1,0
BRF:4
BRH:0
end_of_record
TN:
SF:app/dashboard/inventory/page.tsx
FN:7,InventoryOverviewPage
FNF:1
FNH:0
FNDA:0,InventoryOverviewPage
DA:3,0
DA:4,0
DA:5,0
DA:7,0
LF:4
LH:0
BRF:0
BRH:0
end_of_record
TN:
SF:app/dashboard/inventory/adjustments/page.tsx
FN:9,getProducts
FN:13,InventoryAdjustmentsPage
FNF:2
FNH:0
FNDA:0,getProducts
FNDA:0,InventoryAdjustmentsPage
DA:3,0
DA:4,0
DA:5,0
DA:6,0
DA:7,0
DA:10,0
DA:13,0
DA:14,0
DA:15,0
DA:16,0
DA:19,0
LF:11
LH:0
BRDA:15,0,0,0
BRF:1
BRH:0
end_of_record
TN:
SF:app/dashboard/inventory/physical-inventory/page.tsx
FN:7,PhysicalInventoryPage
FNF:1
FNH:0
FNDA:0,PhysicalInventoryPage
DA:1,0
DA:2,0
DA:3,0
DA:4,0
DA:5,0
DA:7,0
DA:8,0
DA:11,0
DA:12,0
DA:16,0
DA:18,0
DA:20,0
DA:21,0
DA:24,0
DA:25,0
DA:27,0
DA:28,0
DA:30,0
LF:18
LH:0
BRDA:11,0,0,0
BRDA:16,1,0,0
BRDA:16,1,1,0
BRDA:18,2,0,0
BRDA:18,2,1,0
BRDA:20,3,0,0
BRDA:30,4,0,0
BRDA:30,4,1,0
BRDA:46,5,0,0
BRDA:53,6,0,0
BRF:10
BRH:0
end_of_record
TN:
SF:app/dashboard/inventory/physical-inventory/[id]/page.tsx
FN:22,PhysicalInventoryDetailPage
FNF:1
FNH:0
FNDA:0,PhysicalInventoryDetailPage
DA:1,0
DA:2,0
DA:3,0
DA:4,0
DA:5,0
DA:6,0
DA:7,0
DA:8,0
DA:12,0
DA:13,0
DA:14,0
DA:15,0
DA:16,0
DA:22,0
DA:23,0
DA:26,0
DA:27,0
DA:32,0
DA:35,0
DA:36,0
DA:39,0
DA:40,0
DA:41,0
DA:43,0
DA:44,0
DA:45,0
DA:46,0
DA:49,0
DA:54,0
DA:56,0
DA:59,0
LF:31
LH:0
BRDA:26,0,0,0
BRDA:32,1,0,0
BRDA:32,1,1,0
BRDA:35,2,0,0
BRDA:45,3,0,0
BRDA:59,4,0,0
BRDA:91,5,0,0
BRDA:94,6,0,0
BRDA:97,7,0,0
BRDA:110,8,0,0
BRDA:156,9,0,0
BRDA:156,9,1,0
BRDA:158,10,0,0
BRDA:158,10,1,0
BRDA:163,11,0,0
BRDA:163,11,1,0
BRDA:163,12,0,0
BRDA:163,12,1,0
BRDA:184,13,0,0
BRDA:193,14,0,0
BRDA:210,15,0,0
BRDA:216,16,0,0
BRDA:216,16,1,0
BRDA:222,17,0,0
BRDA:228,18,0,0
BRDA:228,18,1,0
BRDA:234,19,0,0
BRF:27
BRH:0
end_of_record
TN:
SF:app/dashboard/inventory/transactions/page.tsx
FN:21,InventoryTransactionsPage
FNF:1
FNH:0
FNDA:0,InventoryTransactionsPage
DA:3,0
DA:4,0
DA:5,0
DA:6,0
DA:7,0
DA:8,0
DA:21,0
DA:22,0
DA:24,0
DA:25,0
DA:28,0
DA:37,0
DA:38,0
LF:13
LH:0
BRDA:24,0,0,0
BRDA:31,1,0,0
BRDA:31,1,1,0
BRDA:32,2,0,0
BRDA:32,2,1,0
BRDA:33,3,0,0
BRDA:33,3,1,0
BRDA:34,4,0,0
BRDA:34,4,1,0
BRDA:52,5,0,0
BRDA:52,5,1,0
BRDA:53,6,0,0
BRDA:53,6,1,0
BRDA:54,7,0,0
BRDA:54,7,1,0
BRDA:55,8,0,0
BRDA:55,8,1,0
BRF:17
BRH:0
end_of_record
TN:
SF:app/dashboard/payments/page.tsx
FN:27,PaymentsPage
FNF:1
FNH:0
FNDA:0,PaymentsPage
DA:3,0
DA:4,0
DA:5,0
DA:6,0
DA:7,0
DA:9,0
DA:10,0
DA:11,0
DA:12,0
DA:27,0
DA:28,0
DA:30,0
DA:31,0
DA:34,0
DA:45,0
DA:48,0
LF:16
LH:0
BRDA:30,0,0,0
BRDA:39,1,0,0
BRDA:39,1,1,0
BRDA:40,2,0,0
BRDA:40,2,1,0
BRDA:41,3,0,0
BRDA:41,3,1,0
BRDA:42,4,0,0
BRDA:42,4,1,0
BRDA:80,5,0,0
BRDA:80,5,1,0
BRDA:81,6,0,0
BRDA:81,6,1,0
BRDA:82,7,0,0
BRDA:82,7,1,0
BRDA:83,8,0,0
BRDA:83,8,1,0
BRDA:84,9,0,0
BRDA:84,9,1,0
BRDA:85,10,0,0
BRDA:85,10,1,0
BRF:21
BRH:0
end_of_record
TN:
SF:app/dashboard/payments/[id]/page.tsx
FN:53,PaymentDetailsPage
FN:78,(anonymous_3)
FN:82,(anonymous_4)
FNF:3
FNH:0
FNDA:0,PaymentDetailsPage
FNDA:0,(anonymous_3)
FNDA:0,(anonymous_4)
DA:1,0
DA:2,0
DA:3,0
DA:18,0
DA:19,0
DA:20,0
DA:21,0
DA:23,0
DA:35,0
DA:47,0
DA:53,0
DA:54,0
DA:55,0
DA:56,0
DA:59,0
DA:60,0
DA:78,0
DA:79,0
DA:82,0
DA:83,0
DA:84,0
DA:94,0
DA:95,0
DA:96,0
DA:97,0
DA:98,0
LF:26
LH:0
BRDA:55,0,0,0
BRDA:60,1,0,0
BRDA:94,2,0,0
BRDA:94,2,1,0
BRDA:94,2,2,0
BRDA:95,3,0,0
BRDA:95,3,1,0
BRDA:95,3,2,0
BRDA:96,4,0,0
BRDA:96,4,1,0
BRDA:96,4,2,0
BRDA:98,5,0,0
BRDA:98,5,1,0
BRDA:145,6,0,0
BRDA:174,7,0,0
BRDA:174,7,1,0
BRDA:201,8,0,0
BRDA:206,9,0,0
BRDA:210,10,0,0
BRDA:210,10,1,0
BRDA:220,11,0,0
BRDA:226,12,0,0
BRDA:236,13,0,0
BRDA:245,14,0,0
BRDA:245,14,1,0
BRDA:250,15,0,0
BRDA:250,15,1,0
BRDA:270,16,0,0
BRDA:279,17,0,0
BRDA:285,18,0,0
BRDA:300,19,0,0
BRDA:300,19,1,0
BRDA:301,20,0,0
BRDA:301,20,1,0
BRDA:304,21,0,0
BRDA:310,22,0,0
BRF:36
BRH:0
end_of_record
TN:
SF:app/dashboard/payments/new/page.tsx
FN:14,CreatePaymentPage
FNF:1
FNH:0
FNDA:0,CreatePaymentPage
DA:3,0
DA:4,0
DA:5,0
DA:6,0
DA:7,0
DA:9,0
DA:14,0
DA:15,0
DA:17,0
DA:18,0
DA:23,0
DA:26,0
DA:27,0
DA:31,0
LF:14
LH:0
BRDA:17,0,0,0
BRDA:23,1,0,0
BRDA:23,1,1,0
BRDA:26,2,0,0
BRF:4
BRH:0
end_of_record
TN:
SF:app/dashboard/pos/page.tsx
FN:9,POSPage
FN:29,(anonymous_2)
FN:36,(anonymous_3)
FNF:3
FNH:0
FNDA:0,POSPage
FNDA:0,(anonymous_2)
FNDA:0,(anonymous_3)
DA:1,0
DA:2,0
DA:3,0
DA:4,0
DA:6,0
DA:7,0
DA:9,0
DA:10,0
DA:11,0
DA:12,0
DA:15,0
DA:16,0
DA:18,0
DA:28,0
DA:29,0
DA:30,0
DA:31,0
DA:34,0
DA:36,0
LF:19
LH:0
BRDA:11,0,0,0
BRDA:30,1,0,0
BRDA:30,2,0,0
BRDA:30,2,1,0
BRDA:39,3,0,0
BRDA:39,3,1,0
BRDA:40,4,0,0
BRDA:40,4,1,0
BRF:8
BRH:0
end_of_record
TN:
SF:app/dashboard/pos/dashboard/page.tsx
FN:15,POSDashboardPage
FN:18,(anonymous_3)
FNF:2
FNH:0
FNDA:0,POSDashboardPage
FNDA:0,(anonymous_3)
DA:3,0
DA:4,0
DA:5,0
DA:6,0
DA:7,0
DA:8,0
DA:9,0
DA:10,0
DA:11,0
DA:12,0
DA:13,0
DA:15,0
DA:16,0
DA:18,0
DA:20,0
DA:23,0
LF:16
LH:0
BRDA:23,0,0,0
BRDA:59,1,0,0
BRDA:83,2,0,0
BRDA:150,3,0,0
BRDA:166,4,0,0
BRDA:173,5,0,0
BRF:6
BRH:0
end_of_record
TN:
SF:app/dashboard/pos/history/page.tsx
FN:25,getDatabaseErrorMessage
FN:38,POSHistoryPage
FNF:2
FNH:0
FNDA:0,getDatabaseErrorMessage
FNDA:0,POSHistoryPage
DA:3,0
DA:4,0
DA:5,0
DA:6,0
DA:7,0
DA:8,0
DA:9,0
DA:10,0
DA:11,0
DA:12,0
DA:26,0
DA:27,0
DA:31,0
DA:35,0
DA:38,0
DA:39,0
DA:41,0
DA:42,0
DA:46,0
DA:48,0
DA:49,0
DA:52,0
DA:53,0
DA:56,0
DA:57,0
DA:58,0
DA:59,0
DA:61,0
DA:62,0
DA:66,0
DA:67,0
DA:68,0
DA:70,0
DA:71,0
DA:86,0
DA:127,0
LF:36
LH:0
BRDA:26,0,0,0
BRDA:27,1,0,0
BRDA:28,2,0,0
BRDA:28,2,1,0
BRDA:41,3,0,0
BRDA:48,4,0,0
BRDA:52,5,0,0
BRDA:56,6,0,0
BRDA:56,7,0,0
BRDA:56,7,1,0
BRDA:58,8,0,0
BRDA:61,9,0,0
BRDA:66,10,0,0
BRDA:66,10,1,0
BRDA:67,11,0,0
BRDA:67,11,1,0
BRDA:107,12,0,0
BRF:17
BRH:0
end_of_record
TN:
SF:app/dashboard/pos/reports/page.tsx
FN:7,POSReportsPage
FNF:1
FNH:0
FNDA:0,POSReportsPage
DA:3,0
DA:4,0
DA:5,0
DA:7,0
LF:4
LH:0
BRF:0
BRH:0
end_of_record
TN:
SF:app/dashboard/pos/sessions/page.tsx
FN:21,POSSessionsPage
FNF:1
FNH:0
FNDA:0,POSSessionsPage
DA:3,0
DA:4,0
DA:5,0
DA:6,0
DA:7,0
DA:8,0
DA:21,0
DA:22,0
DA:24,0
DA:25,0
DA:28,0
DA:37,0
DA:38,0
LF:13
LH:0
BRDA:24,0,0,0
BRDA:31,1,0,0
BRDA:31,1,1,0
BRDA:32,2,0,0
BRDA:32,2,1,0
BRDA:33,3,0,0
BRDA:33,3,1,0
BRDA:34,4,0,0
BRDA:34,4,1,0
BRDA:52,5,0,0
BRDA:52,5,1,0
BRDA:53,6,0,0
BRDA:53,6,1,0
BRDA:54,7,0,0
BRDA:54,7,1,0
BRDA:55,8,0,0
BRDA:55,8,1,0
BRF:17
BRH:0
end_of_record
TN:
SF:app/dashboard/pos/sessions/[id]/page.tsx
FN:15,SessionDetailPage
FN:22,(anonymous_3)
FN:23,(anonymous_4)
FN:77,(anonymous_5)
FNF:4
FNH:0
FNDA:0,SessionDetailPage
FNDA:0,(anonymous_3)
FNDA:0,(anonymous_4)
FNDA:0,(anonymous_5)
DA:3,0
DA:4,0
DA:5,0
DA:6,0
DA:7,0
DA:8,0
DA:9,0
DA:10,0
DA:12,0
DA:13,0
DA:15,0
DA:16,0
DA:17,0
DA:18,0
DA:19,0
DA:20,0
DA:22,0
DA:23,0
DA:24,0
DA:25,0
DA:26,0
DA:28,0
DA:29,0
DA:31,0
DA:36,0
DA:38,0
DA:42,0
DA:45,0
DA:61,0
DA:77,0
DA:78,0
DA:82,0
LF:32
LH:0
BRDA:26,0,0,0
BRDA:33,1,0,0
BRDA:33,1,1,0
BRDA:45,2,0,0
BRDA:61,3,0,0
BRDA:116,4,0,0
BRDA:116,4,1,0
BRDA:126,5,0,0
BRDA:136,6,0,0
BRDA:170,7,0,0
BRDA:179,8,0,0
BRDA:245,9,0,0
BRDA:269,10,0,0
BRDA:274,11,0,0
BRF:14
BRH:0
end_of_record
TN:
SF:app/dashboard/pos/transactions/[id]/page.tsx
FN:18,POSTransactionPage
FN:33,(anonymous_3)
FN:87,(anonymous_4)
FN:125,(anonymous_5)
FNF:4
FNH:0
FNDA:0,POSTransactionPage
FNDA:0,(anonymous_3)
FNDA:0,(anonymous_4)
FNDA:0,(anonymous_5)
DA:1,0
DA:2,0
DA:3,0
DA:4,0
DA:5,0
DA:6,0
DA:7,0
DA:8,0
DA:9,0
DA:10,0
DA:18,0
DA:21,0
DA:22,0
DA:23,0
DA:26,0
DA:28,0
DA:29,0
DA:33,0
DA:88,0
DA:126,0
LF:20
LH:0
BRDA:22,0,0,0
BRDA:28,1,0,0
BRDA:33,2,0,0
BRDA:33,2,1,0
BRDA:56,3,0,0
BRDA:89,4,0,0
BRDA:89,4,1,0
BRDA:128,5,0,0
BRDA:128,5,1,0
BRDA:149,6,0,0
BRDA:149,6,1,0
BRDA:153,7,0,0
BRDA:153,7,1,0
BRDA:182,8,0,0
BRF:14
BRH:0
end_of_record
TN:
SF:app/dashboard/pricelists/page.tsx
FN:11,PricelistsPage
FNF:1
FNH:0
FNDA:0,PricelistsPage
DA:1,0
DA:2,0
DA:3,0
DA:4,0
DA:5,0
DA:6,0
DA:7,0
DA:8,0
DA:9,0
DA:11,0
DA:12,0
DA:15,0
DA:20,0
DA:21,0
DA:23,0
DA:24,0
DA:26,0
DA:27,0
DA:29,0
LF:19
LH:0
BRDA:23,0,0,0
BRDA:23,0,1,0
BRDA:54,1,0,0
BRDA:62,2,0,0
BRF:4
BRH:0
end_of_record
TN:
SF:app/dashboard/pricelists/[id]/page.tsx
FN:12,PricelistDetailPage
FNF:1
FNH:0
FNDA:0,PricelistDetailPage
DA:1,0
DA:2,0
DA:3,0
DA:4,0
DA:5,0
DA:6,0
DA:12,0
DA:13,0
DA:16,0
DA:20,0
DA:21,0
DA:24,0
DA:25,0
DA:27,0
DA:28,0
DA:30,0
DA:33,0
DA:34,0
LF:18
LH:0
BRDA:16,0,0,0
BRDA:16,0,1,0
BRDA:16,0,2,0
BRDA:20,1,0,0
BRDA:33,2,0,0
BRDA:33,3,0,0
BRDA:33,3,1,0
BRDA:49,4,0,0
BRDA:49,4,1,0
BRDA:64,5,0,0
BRDA:64,5,1,0
BRDA:78,6,0,0
BRDA:78,6,1,0
BRF:13
BRH:0
end_of_record
TN:
SF:app/dashboard/pricelists/[id]/edit/page.tsx
FN:12,EditPricelistPage
FNF:1
FNH:0
FNDA:0,EditPricelistPage
DA:1,0
DA:2,0
DA:3,0
DA:4,0
DA:5,0
DA:6,0
DA:12,0
DA:13,0
DA:16,0
DA:20,0
DA:21,0
DA:24,0
DA:25,0
DA:27,0
DA:28,0
DA:30,0
DA:33,0
DA:34,0
LF:18
LH:0
BRDA:16,0,0,0
BRDA:16,0,1,0
BRDA:16,0,2,0
BRDA:20,1,0,0
BRDA:33,2,0,0
BRDA:33,3,0,0
BRDA:33,3,1,0
BRF:7
BRH:0
end_of_record
TN:
SF:app/dashboard/pricelists/new/page.tsx
FN:7,NewPricelistPage
FNF:1
FNH:0
FNDA:0,NewPricelistPage
DA:1,0
DA:2,0
DA:3,0
DA:4,0
DA:5,0
DA:7,0
DA:8,0
DA:11,0
DA:15,0
DA:16,0
LF:10
LH:0
BRDA:11,0,0,0
BRDA:11,0,1,0
BRDA:11,0,2,0
BRDA:15,1,0,0
BRF:4
BRH:0
end_of_record
TN:
SF:app/dashboard/products/page.tsx
FN:21,getProducts
FN:85,(anonymous_3)
FN:124,ProductsPage
FNF:3
FNH:0
FNDA:0,getProducts
FNDA:0,(anonymous_3)
FNDA:0,ProductsPage
DA:3,0
DA:4,0
DA:5,0
DA:6,0
DA:7,0
DA:8,0
DA:9,0
DA:10,0
DA:22,0
DA:23,0
DA:24,0
DA:25,0
DA:27,0
DA:31,0
DA:32,0
DA:39,0
DA:40,0
DA:43,0
DA:85,0
DA:93,0
DA:108,0
DA:119,0
DA:120,0
DA:124,0
DA:125,0
DA:127,0
DA:128,0
DA:131,0
LF:28
LH:0
BRDA:23,0,0,0
BRDA:23,0,1,0
BRDA:24,1,0,0
BRDA:24,1,1,0
BRDA:31,2,0,0
BRDA:39,3,0,0
BRDA:88,4,0,0
BRDA:88,4,1,0
BRDA:89,5,0,0
BRDA:89,5,1,0
BRDA:90,6,0,0
BRDA:90,6,1,0
BRDA:127,7,0,0
BRDA:153,8,0,0
BRDA:153,8,1,0
BRDA:154,9,0,0
BRDA:154,9,1,0
BRF:17
BRH:0
end_of_record
TN:
SF:app/dashboard/products/[id]/page.tsx
FN:42,getProductData
FN:147,getStockStatus
FN:155,getInventoryMovementColor
FN:163,getSalesOrderStatusStyle
FN:174,getTransactionStatusStyle
FN:184,ProductDetailPage
FN:217,(anonymous_8)
FN:511,(anonymous_9)
FN:553,(anonymous_10)
FN:599,(anonymous_11)
FN:638,(anonymous_12)
FN:750,(anonymous_13)
FNF:12
FNH:0
FNDA:0,getProductData
FNDA:0,getStockStatus
FNDA:0,getInventoryMovementColor
FNDA:0,getSalesOrderStatusStyle
FNDA:0,getTransactionStatusStyle
FNDA:0,ProductDetailPage
FNDA:0,(anonymous_8)
FNDA:0,(anonymous_9)
FNDA:0,(anonymous_10)
FNDA:0,(anonymous_11)
FNDA:0,(anonymous_12)
FNDA:0,(anonymous_13)
DA:11,0
DA:12,0
DA:13,0
DA:14,0
DA:15,0
DA:16,0
DA:17,0
DA:18,0
DA:32,0
DA:33,0
DA:34,0
DA:35,0
DA:36,0
DA:44,0
DA:144,0
DA:148,0
DA:149,0
DA:150,0
DA:151,0
DA:152,0
DA:156,0
DA:157,0
DA:158,0
DA:159,0
DA:160,0
DA:164,0
DA:171,0
DA:175,0
DA:181,0
DA:184,0
DA:185,0
DA:186,0
DA:188,0
DA:190,0
DA:192,0
DA:194,0
DA:195,0
DA:196,0
DA:198,0
DA:201,0
DA:203,0
DA:204,0
DA:205,0
DA:207,0
DA:213,0
DA:214,0
DA:215,0
DA:217,0
DA:219,0
DA:220,0
DA:224,0
DA:225,0
DA:227,0
DA:512,0
DA:554,0
DA:600,0
DA:639,0
DA:640,0
DA:751,0
LF:59
LH:0
BRDA:148,0,0,0
BRDA:149,1,0,0
BRDA:150,2,0,0
BRDA:150,3,0,0
BRDA:150,3,1,0
BRDA:158,4,0,0
BRDA:159,5,0,0
BRDA:171,6,0,0
BRDA:171,6,1,0
BRDA:181,7,0,0
BRDA:181,7,1,0
BRDA:186,8,0,0
BRDA:192,9,0,0
BRDA:195,10,0,0
BRDA:195,10,1,0
BRDA:196,11,0,0
BRDA:196,11,1,0
BRDA:198,12,0,0
BRDA:198,12,1,0
BRDA:198,13,0,0
BRDA:198,13,1,0
BRDA:201,14,0,0
BRDA:201,14,1,0
BRDA:203,15,0,0
BRDA:203,15,1,0
BRDA:204,16,0,0
BRDA:204,16,1,0
BRDA:213,17,0,0
BRDA:213,17,1,0
BRDA:215,18,0,0
BRDA:215,18,1,0
BRDA:224,19,0,0
BRDA:248,20,0,0
BRDA:254,21,0,0
BRDA:255,22,0,0
BRDA:299,23,0,0
BRDA:325,24,0,0
BRDA:326,25,0,0
BRDA:326,25,1,0
BRDA:341,26,0,0
BRDA:360,27,0,0
BRDA:385,28,0,0
BRDA:391,29,0,0
BRDA:399,30,0,0
BRDA:405,31,0,0
BRDA:405,31,1,0
BRDA:411,32,0,0
BRDA:411,32,1,0
BRDA:411,33,0,0
BRDA:411,33,1,0
BRDA:416,34,0,0
BRDA:416,34,1,0
BRDA:416,35,0,0
BRDA:416,35,1,0
BRDA:437,36,0,0
BRDA:456,37,0,0
BRDA:456,37,1,0
BRDA:457,38,0,0
BRDA:457,38,1,0
BRDA:457,39,0,0
BRDA:457,39,1,0
BRDA:462,40,0,0
BRDA:469,41,0,0
BRDA:472,42,0,0
BRDA:479,43,0,0
BRDA:491,44,0,0
BRDA:514,45,0,0
BRDA:514,45,1,0
BRDA:516,46,0,0
BRDA:516,46,1,0
BRDA:517,47,0,0
BRDA:517,47,1,0
BRDA:531,48,0,0
BRDA:577,49,0,0
BRDA:628,50,0,0
BRDA:646,51,0,0
BRDA:671,52,0,0
BRDA:671,52,1,0
BRDA:672,53,0,0
BRDA:672,53,1,0
BRDA:677,54,0,0
BRDA:677,54,1,0
BRDA:681,55,0,0
BRDA:681,55,1,0
BRDA:685,56,0,0
BRDA:685,56,1,0
BRDA:723,57,0,0
BRDA:737,58,0,0
BRDA:737,58,1,0
BRDA:746,59,0,0
BRDA:758,60,0,0
BRF:91
BRH:0
end_of_record
TN:
SF:app/dashboard/products/[id]/edit/page.tsx
FN:18,EditProductPage
FN:25,(anonymous_3)
FN:26,(anonymous_4)
FN:54,(anonymous_5)
FNF:4
FNH:0
FNDA:0,EditProductPage
FNDA:0,(anonymous_3)
FNDA:0,(anonymous_4)
FNDA:0,(anonymous_5)
DA:5,0
DA:6,0
DA:7,0
DA:8,0
DA:9,0
DA:10,0
DA:18,0
DA:19,0
DA:20,0
DA:21,0
DA:22,0
DA:23,0
DA:25,0
DA:26,0
DA:27,0
DA:28,0
DA:33,0
DA:34,0
DA:35,0
DA:38,0
DA:39,0
DA:41,0
DA:42,0
DA:44,0
DA:45,0
DA:47,0
DA:51,0
DA:54,0
DA:55,0
DA:56,0
DA:57,0
DA:65,0
DA:67,0
DA:68,0
DA:71,0
DA:72,0
DA:74,0
DA:76,0
DA:80,0
DA:84,0
LF:40
LH:0
BRDA:33,0,0,0
BRDA:42,1,0,0
BRDA:42,1,1,0
BRDA:67,2,0,0
BRDA:68,3,0,0
BRDA:68,3,1,0
BRDA:74,4,0,0
BRDA:74,4,1,0
BRDA:80,5,0,0
BRDA:84,6,0,0
BRF:10
BRH:0
end_of_record
TN:
SF:app/dashboard/products/new/page.tsx
FN:10,getCategories
FN:16,NewProductPage
FNF:2
FNH:0
FNDA:0,getCategories
FNDA:0,NewProductPage
DA:3,0
DA:4,0
DA:5,0
DA:6,0
DA:7,0
DA:8,0
DA:11,0
DA:16,0
DA:17,0
DA:19,0
DA:20,0
DA:25,0
DA:27,0
DA:28,0
DA:31,0
LF:15
LH:0
BRDA:19,0,0,0
BRDA:25,1,0,0
BRDA:25,1,1,0
BRDA:27,2,0,0
BRF:4
BRH:0
end_of_record
TN:
SF:app/dashboard/profile/page.tsx
FN:11,ProfilePage
FN:47,(anonymous_4)
FNF:2
FNH:0
FNDA:0,ProfilePage
FNDA:0,(anonymous_4)
DA:1,0
DA:2,0
DA:3,0
DA:4,0
DA:5,0
DA:7,0
DA:11,0
DA:12,0
DA:13,0
DA:14,0
DA:17,0
DA:47,0
LF:12
LH:0
BRDA:13,0,0,0
BRDA:42,1,0,0
BRDA:42,1,1,0
BRDA:47,2,0,0
BRDA:47,2,1,0
BRF:5
BRH:0
end_of_record
TN:
SF:app/dashboard/purchase-orders/page.tsx
FN:23,PurchaseOrdersPage
FNF:1
FNH:0
FNDA:0,PurchaseOrdersPage
DA:3,0
DA:4,0
DA:5,0
DA:6,0
DA:7,0
DA:8,0
DA:9,0
DA:10,0
DA:11,0
DA:23,0
DA:24,0
DA:26,0
DA:27,0
DA:30,0
DA:38,0
DA:41,0
LF:16
LH:0
BRDA:26,0,0,0
BRDA:34,1,0,0
BRDA:34,1,1,0
BRDA:35,2,0,0
BRDA:35,2,1,0
BRDA:67,3,0,0
BRDA:67,3,1,0
BRDA:68,4,0,0
BRDA:68,4,1,0
BRDA:69,5,0,0
BRDA:69,5,1,0
BRF:11
BRH:0
end_of_record
TN:
SF:app/dashboard/purchase-orders/[id]/page.tsx
FN:20,PurchaseOrderPage
FN:66,(anonymous_2)
FNF:2
FNH:0
FNDA:0,PurchaseOrderPage
FNDA:0,(anonymous_2)
DA:3,0
DA:4,0
DA:5,0
DA:6,0
DA:7,0
DA:8,0
DA:9,0
DA:10,0
DA:11,0
DA:12,0
DA:20,0
DA:21,0
DA:22,0
DA:23,0
DA:26,0
DA:28,0
DA:29,0
DA:33,0
DA:67,0
LF:19
LH:0
BRDA:22,0,0,0
BRDA:28,1,0,0
BRDA:68,2,0,0
BRDA:68,2,1,0
BRF:4
BRH:0
end_of_record
TN:
SF:app/dashboard/purchase-orders/[id]/edit/page.tsx
FN:18,getInitialData
FN:30,(anonymous_2)
FN:37,(anonymous_3)
FN:47,EditPurchaseOrderPage
FNF:4
FNH:0
FNDA:0,getInitialData
FNDA:0,(anonymous_2)
FNDA:0,(anonymous_3)
FNDA:0,EditPurchaseOrderPage
DA:3,0
DA:4,0
DA:5,0
DA:6,0
DA:7,0
DA:8,0
DA:9,0
DA:10,0
DA:19,0
DA:25,0
DA:26,0
DA:30,0
DA:37,0
DA:44,0
DA:47,0
DA:48,0
DA:49,0
DA:50,0
DA:53,0
LF:19
LH:0
BRDA:25,0,0,0
BRDA:32,1,0,0
BRDA:32,1,1,0
BRDA:33,2,0,0
BRDA:33,2,1,0
BRDA:40,3,0,0
BRDA:40,3,1,0
BRDA:41,4,0,0
BRDA:41,4,1,0
BRDA:49,5,0,0
BRF:10
BRH:0
end_of_record
TN:
SF:app/dashboard/purchase-orders/new/page.tsx
FN:11,getSuppliersAndProducts
FN:18,(anonymous_2)
FN:25,(anonymous_3)
FN:35,NewPurchaseOrderPage
FNF:4
FNH:0
FNDA:0,getSuppliersAndProducts
FNDA:0,(anonymous_2)
FNDA:0,(anonymous_3)
FNDA:0,NewPurchaseOrderPage
DA:3,0
DA:4,0
DA:5,0
DA:6,0
DA:7,0
DA:8,0
DA:9,0
DA:12,0
DA:18,0
DA:25,0
DA:32,0
DA:35,0
DA:36,0
DA:37,0
DA:38,0
DA:41,0
LF:16
LH:0
BRDA:20,0,0,0
BRDA:20,0,1,0
BRDA:21,1,0,0
BRDA:21,1,1,0
BRDA:28,2,0,0
BRDA:28,2,1,0
BRDA:29,3,0,0
BRDA:29,3,1,0
BRDA:37,4,0,0
BRF:9
BRH:0
end_of_record
TN:
SF:app/dashboard/reports/page.tsx
FN:6,ReportsPage
FN:139,(anonymous_2)
FN:188,(anonymous_3)
FNF:3
FNH:0
FNDA:0,ReportsPage
FNDA:0,(anonymous_2)
FNDA:0,(anonymous_3)
DA:3,0
DA:4,0
DA:6,0
DA:7,0
DA:64,0
DA:73,0
DA:140,0
DA:189,0
LF:8
LH:0
BRDA:192,0,0,0
BRDA:192,0,1,0
BRDA:206,1,0,0
BRF:3
BRH:0
end_of_record
TN:
SF:app/dashboard/sales-orders/page.tsx
FN:23,SalesOrdersPage
FNF:1
FNH:0
FNDA:0,SalesOrdersPage
DA:3,0
DA:4,0
DA:5,0
DA:6,0
DA:7,0
DA:8,0
DA:9,0
DA:10,0
DA:11,0
DA:23,0
DA:24,0
DA:26,0
DA:27,0
DA:30,0
DA:38,0
DA:41,0
LF:16
LH:0
BRDA:26,0,0,0
BRDA:34,1,0,0
BRDA:34,1,1,0
BRDA:35,2,0,0
[...]
BRDA:216,19,1,0
BRDA:217,20,0,0
BRDA:217,20,1,0
BRDA:218,21,0,0
BRDA:218,21,1,0
BRDA:312,22,0,0
BRDA:312,22,1,0
BRDA:314,23,0,0
BRDA:314,23,1,0
BRDA:319,24,0,0
BRDA:319,24,1,0
BRDA:320,25,0,0
BRDA:320,25,1,0
BRDA:357,26,0,0
BRDA:368,27,0,0
BRDA:368,27,1,0
BRDA:373,28,0,0
BRDA:373,28,1,0
BRDA:374,29,0,0
BRDA:374,29,1,0
BRDA:429,30,0,0
BRDA:429,30,1,0
BRDA:430,31,0,0
BRDA:430,31,1,0
BRF:71
BRH:30
end_of_record
TN:
SF:services/product.service.ts
FN:7,convertDecimalToNumber
FN:11,convertOptionalDecimalToNumber
FN:21,normalizeImageUrl
FN:37,generateSku
FN:50,getAllProducts
FN:123,(anonymous_14)
FN:124,(anonymous_15)
FN:147,getProductById
FN:178,createProduct
FN:233,updateProduct
FN:299,deleteProduct
FN:377,checkLowStock
FN:388,(anonymous_21)
FN:390,(anonymous_22)
FN:401,searchProducts
FN:415,(anonymous_24)
FN:426,getProductsByCategory
FNF:17
FNH:16
FNDA:14,convertDecimalToNumber
FNDA:28,convertOptionalDecimalToNumber
FNDA:6,normalizeImageUrl
FNDA:1,generateSku
FNDA:7,getAllProducts
FNDA:4,(anonymous_14)
FNDA:3,(anonymous_15)
FNDA:3,getProductById
FNDA:6,createProduct
FNDA:5,updateProduct
FNDA:5,deleteProduct
FNDA:4,checkLowStock
FNDA:2,(anonymous_21)
FNDA:1,(anonymous_22)
FNDA:5,searchProducts
FNDA:2,(anonymous_24)
FNDA:0,getProductsByCategory
DA:3,1
DA:5,1
DA:8,14
DA:14,28
DA:15,1
DA:18,27
DA:22,6
DA:23,4
DA:26,2
DA:27,2
DA:30,0
DA:38,1
DA:42,1
DA:43,1
DA:44,1
DA:50,7
DA:58,7
DA:60,7
DA:63,7
DA:72,7
DA:73,2
DA:81,7
DA:84,7
DA:122,7
DA:123,4
DA:124,3
DA:131,7
DA:133,7
DA:147,3
DA:148,3
DA:165,3
DA:167,2
DA:178,6
DA:180,6
DA:181,6
DA:182,1
DA:186,6
DA:187,6
DA:190,6
DA:191,1
DA:196,5
DA:199,5
DA:200,1
DA:203,4
DA:222,3
DA:233,5
DA:235,5
DA:238,5
DA:239,1
DA:243,4
DA:244,1
DA:247,1
DA:248,1
DA:253,3
DA:254,0
DA:257,0
DA:258,0
DA:262,3
DA:264,3
DA:265,3
DA:266,3
DA:267,3
DA:268,3
DA:269,2
DA:270,2
DA:271,0
DA:273,2
DA:274,2
DA:275,2
DA:276,0
DA:278,2
DA:279,2
DA:280,2
DA:282,2
DA:288,2
DA:299,5
DA:301,5
DA:304,5
DA:305,1
DA:309,4
DA:320,4
DA:331,4
DA:342,4
DA:343,1
DA:348,3
DA:349,1
DA:354,2
DA:355,1
DA:360,1
DA:366,1
DA:377,4
DA:378,4
DA:388,4
DA:390,4
DA:401,5
DA:402,5
DA:415,5
DA:426,0
DA:430,0
LF:99
LH:91
BRDA:14,0,0,1
BRDA:14,1,0,28
BRDA:14,1,1,27
BRDA:22,2,0,4
BRDA:26,3,0,2
BRDA:42,4,0,1
BRDA:42,4,1,0
BRDA:52,5,0,5
BRDA:54,6,0,7
BRDA:55,7,0,6
BRDA:56,8,0,0
BRDA:57,9,0,0
BRDA:64,10,0,7
BRDA:64,10,1,0
BRDA:65,11,0,7
BRDA:65,11,1,1
BRDA:66,12,0,7
BRDA:66,12,1,1
BRDA:72,13,0,2
BRDA:123,14,0,4
BRDA:123,14,1,2
BRDA:123,14,2,2
BRDA:127,15,0,3
BRDA:127,15,1,0
BRDA:128,16,0,3
BRDA:128,16,1,0
BRDA:165,17,0,1
BRDA:170,18,0,2
BRDA:170,18,1,1
BRDA:171,19,0,2
BRDA:171,19,1,0
BRDA:181,20,0,1
BRDA:186,21,0,6
BRDA:190,22,0,1
BRDA:199,23,0,1
BRDA:206,24,0,4
BRDA:206,24,1,4
BRDA:207,25,0,4
BRDA:207,25,1,0
BRDA:208,26,0,4
BRDA:208,26,1,4
BRDA:211,27,0,0
BRDA:211,27,1,3
BRDA:212,28,0,3
BRDA:212,28,1,3
BRDA:213,29,0,3
BRDA:213,29,1,3
BRDA:214,30,0,0
BRDA:214,30,1,3
BRDA:217,31,0,3
BRDA:217,31,1,3
BRDA:225,32,0,3
BRDA:225,32,1,0
BRDA:226,33,0,3
BRDA:226,33,1,0
BRDA:238,34,0,1
BRDA:243,35,0,1
BRDA:243,36,0,4
BRDA:243,36,1,1
BRDA:247,37,0,1
BRDA:253,38,0,0
BRDA:253,39,0,3
BRDA:253,39,1,0
BRDA:257,40,0,0
BRDA:264,41,0,0
BRDA:265,42,0,0
BRDA:266,43,0,0
BRDA:267,44,0,0
BRDA:268,45,0,2
BRDA:269,46,0,1
BRDA:270,47,0,0
BRDA:271,48,0,0
BRDA:271,48,1,0
BRDA:273,49,0,0
BRDA:274,50,0,0
BRDA:275,51,0,0
BRDA:276,52,0,0
BRDA:276,52,1,0
BRDA:278,53,0,0
BRDA:279,54,0,0
BRDA:280,55,0,0
BRDA:291,56,0,2
BRDA:291,56,1,0
BRDA:292,57,0,2
BRDA:292,57,1,0
BRDA:304,58,0,1
BRDA:342,59,0,1
BRDA:348,60,0,1
BRDA:354,61,0,1
BRDA:369,62,0,1
BRDA:369,62,1,0
BRDA:370,63,0,1
BRDA:370,63,1,0
BRDA:388,64,0,2
BRDA:388,64,1,2
BRDA:393,65,0,1
BRDA:393,65,1,0
BRDA:394,66,0,1
BRDA:394,66,1,0
BRDA:401,67,0,4
BRDA:418,68,0,2
BRDA:418,68,1,0
BRDA:419,69,0,2
BRDA:419,69,1,0
BRF:104
BRH:66
end_of_record
TN:
SF:services/profile.service.ts
FN:5,changePassword
FN:21,updateProfile
FN:53,getUserProfile
FNF:3
FNH:0
FNDA:0,changePassword
FNDA:0,updateProfile
FNDA:0,getUserProfile
DA:1,0
DA:3,0
DA:5,0
DA:6,0
DA:7,0
DA:9,0
DA:10,0
DA:12,0
DA:13,0
DA:18,0
DA:21,0
DA:22,0
DA:36,0
DA:37,0
DA:40,0
DA:50,0
DA:53,0
DA:54,0
DA:59,0
DA:61,0
DA:62,0
LF:21
LH:0
BRDA:7,0,0,0
BRDA:10,1,0,0
BRDA:36,2,0,0
BRDA:59,3,0,0
BRF:4
BRH:0
end_of_record
TN:
SF:services/purchase-order.service.ts
FN:14,convertToNumber
FN:22,getPurchaseOrderFinancialState
FN:40,getPurchaseOrderAllocatedAmount
FN:49,(anonymous_17)
FN:54,getAllPurchaseOrders
FN:76,(anonymous_19)
FN:80,(anonymous_20)
FN:97,getPurchaseOrderById
FN:116,(anonymous_22)
FN:126,createPurchaseOrder
FN:136,(anonymous_24)
FN:185,(anonymous_25)
FN:206,(anonymous_26)
FN:209,updatePurchaseOrder
FN:210,(anonymous_28)
FN:232,(anonymous_29)
FN:317,(anonymous_30)
FN:347,deletePurchaseOrder
FN:359,(anonymous_32)
FN:390,calculatePaymentStatus
FN:403,calculateBalance
FN:410,getPurchaseOrderPayments
FN:422,(anonymous_36)
FN:434,linkPaymentToPurchaseOrder
FN:439,(anonymous_38)
FN:530,unlinkPaymentFromPurchaseOrder
FN:534,(anonymous_40)
FN:609,updateSupplierBalance
FN:642,getSupplierBalanceDetails
FNF:29
FNH:0
FNDA:0,convertToNumber
FNDA:0,getPurchaseOrderFinancialState
FNDA:0,getPurchaseOrderAllocatedAmount
FNDA:0,(anonymous_17)
FNDA:0,getAllPurchaseOrders
FNDA:0,(anonymous_19)
FNDA:0,(anonymous_20)
FNDA:0,getPurchaseOrderById
FNDA:0,(anonymous_22)
FNDA:0,createPurchaseOrder
FNDA:0,(anonymous_24)
FNDA:0,(anonymous_25)
FNDA:0,(anonymous_26)
FNDA:0,updatePurchaseOrder
FNDA:0,(anonymous_28)
FNDA:0,(anonymous_29)
FNDA:0,(anonymous_30)
FNDA:0,deletePurchaseOrder
FNDA:0,(anonymous_32)
FNDA:0,calculatePaymentStatus
FNDA:0,calculateBalance
FNDA:0,getPurchaseOrderPayments
FNDA:0,(anonymous_36)
FNDA:0,linkPaymentToPurchaseOrder
FNDA:0,(anonymous_38)
FNDA:0,unlinkPaymentFromPurchaseOrder
FNDA:0,(anonymous_40)
FNDA:0,updateSupplierBalance
FNDA:0,getSupplierBalanceDetails
DA:1,0
DA:2,0
DA:10,0
DA:11,0
DA:12,0
DA:15,0
DA:16,0
DA:17,0
DA:19,0
DA:23,0
DA:24,0
DA:25,0
DA:27,0
DA:33,0
DA:41,0
DA:48,0
DA:49,0
DA:54,0
DA:55,0
DA:56,0
DA:58,0
DA:72,0
DA:73,0
DA:75,0
DA:76,0
DA:80,0
DA:97,0
DA:98,0
DA:110,0
DA:112,0
DA:116,0
DA:126,0
DA:127,0
DA:129,0
DA:130,0
DA:131,0
DA:134,0
DA:135,0
DA:137,0
DA:138,0
DA:139,0
DA:142,0
DA:143,0
DA:144,0
DA:146,0
DA:147,0
DA:149,0
DA:160,0
DA:184,0
DA:186,0
DA:197,0
DA:206,0
DA:209,0
DA:210,0
DA:211,0
DA:216,0
DA:217,0
DA:220,0
DA:221,0
DA:224,0
DA:226,0
DA:227,0
DA:231,0
DA:232,0
DA:233,0
DA:234,0
DA:246,0
DA:247,0
DA:248,0
DA:249,0
DA:250,0
DA:251,0
DA:253,0
DA:255,0
DA:256,0
DA:257,0
DA:258,0
DA:260,0
DA:270,0
DA:271,0
DA:283,0
DA:284,0
DA:285,0
DA:286,0
DA:288,0
DA:289,0
DA:290,0
DA:291,0
DA:293,0
DA:304,0
DA:316,0
DA:317,0
DA:320,0
DA:330,0
DA:339,0
DA:340,0
DA:341,0
DA:343,0
DA:347,0
DA:348,0
DA:353,0
DA:354,0
DA:358,0
DA:360,0
DA:371,0
DA:380,0
DA:390,0
DA:394,0
DA:395,0
DA:396,0
DA:397,0
DA:403,0
DA:404,0
DA:410,0
DA:411,0
DA:422,0
DA:434,0
DA:439,0
DA:441,0
DA:446,0
DA:447,0
DA:451,0
DA:455,0
DA:456,0
DA:460,0
DA:461,0
DA:464,0
DA:471,0
DA:472,0
DA:475,0
DA:476,0
DA:479,0
DA:480,0
DA:484,0
DA:491,0
DA:499,0
DA:502,0
DA:510,0
DA:520,0
DA:523,0
DA:530,0
DA:534,0
DA:536,0
DA:541,0
DA:542,0
DA:546,0
DA:550,0
DA:551,0
DA:554,0
DA:562,0
DA:563,0
DA:567,0
DA:574,0
DA:578,0
DA:581,0
DA:589,0
DA:599,0
DA:601,0
DA:609,0
DA:613,0
DA:615,0
DA:616,0
DA:627,0
DA:634,0
DA:635,0
DA:642,0
DA:643,0
DA:647,0
DA:648,0
DA:652,0
DA:658,0
DA:685,0
DA:686,0
DA:687,0
DA:688,0
DA:689,0
DA:690,0
DA:691,0
DA:695,0
DA:705,0
DA:709,0
LF:181
LH:0
BRDA:15,0,0,0
BRDA:15,1,0,0
BRDA:15,1,1,0
BRDA:16,2,0,0
BRDA:23,3,0,0
BRDA:23,3,1,0
BRDA:25,4,0,0
BRDA:25,4,1,0
BRDA:27,5,0,0
BRDA:27,5,1,0
BRDA:29,6,0,0
BRDA:29,6,1,0
BRDA:30,7,0,0
BRDA:30,7,1,0
BRDA:55,8,0,0
BRDA:55,9,0,0
BRDA:110,10,0,0
BRDA:130,11,0,0
BRDA:138,12,0,0
BRDA:142,13,0,0
BRDA:142,13,1,0
BRDA:142,13,2,0
BRDA:144,14,0,0
BRDA:144,14,1,0
BRDA:163,15,0,0
BRDA:163,15,1,0
BRDA:164,16,0,0
BRDA:164,16,1,0
BRDA:216,17,0,0
BRDA:224,18,0,0
BRDA:226,19,0,0
BRDA:233,20,0,0
BRDA:246,21,0,0
BRDA:249,22,0,0
BRDA:251,23,0,0
BRDA:253,24,0,0
BRDA:253,24,1,0
BRDA:255,25,0,0
BRDA:255,25,1,0
BRDA:256,26,0,0
BRDA:256,26,1,0
BRDA:257,27,0,0
BRDA:257,27,1,0
BRDA:270,28,0,0
BRDA:283,29,0,0
BRDA:286,30,0,0
BRDA:288,31,0,0
BRDA:288,31,1,0
BRDA:288,31,2,0
BRDA:290,32,0,0
BRDA:290,32,1,0
BRDA:340,33,0,0
BRDA:353,34,0,0
BRDA:394,35,0,0
BRDA:395,36,0,0
BRDA:396,37,0,0
BRDA:446,38,0,0
BRDA:455,39,0,0
BRDA:460,40,0,0
BRDA:471,41,0,0
BRDA:475,42,0,0
BRDA:479,43,0,0
BRDA:541,44,0,0
BRDA:550,45,0,0
BRDA:562,46,0,0
BRDA:613,47,0,0
BRDA:613,47,1,0
BRDA:630,48,0,0
BRDA:630,48,1,0
BRDA:647,49,0,0
BRDA:687,50,0,0
BRDA:706,51,0,0
BRDA:706,51,1,0
BRF:73
BRH:0
end_of_record
TN:
SF:services/report.service.ts
FN:8,(anonymous_3)
FN:27,(anonymous_4)
FN:28,(anonymous_5)
FN:29,(anonymous_6)
FN:30,(anonymous_7)
FN:31,(anonymous_8)
FN:33,(anonymous_9)
FN:34,(anonymous_10)
FN:35,(anonymous_11)
FN:36,(anonymous_12)
FN:63,(anonymous_13)
FN:88,(anonymous_14)
FN:89,(anonymous_15)
FN:103,(anonymous_16)
FN:105,(anonymous_17)
FN:144,(anonymous_18)
FN:160,(anonymous_19)
FN:174,(anonymous_20)
FN:178,(anonymous_21)
FN:188,(anonymous_22)
FN:189,(anonymous_23)
FN:192,(anonymous_24)
FN:193,(anonymous_25)
FN:214,(anonymous_26)
FN:236,(anonymous_27)
FN:238,(anonymous_28)
FN:239,(anonymous_29)
FN:247,(anonymous_30)
FN:248,(anonymous_31)
FN:254,(anonymous_32)
FN:255,(anonymous_33)
FN:286,(anonymous_34)
FN:296,(anonymous_35)
FN:311,(anonymous_36)
FN:326,(anonymous_37)
FNF:35
FNH:0
FNDA:0,(anonymous_3)
FNDA:0,(anonymous_4)
FNDA:0,(anonymous_5)
FNDA:0,(anonymous_6)
FNDA:0,(anonymous_7)
FNDA:0,(anonymous_8)
FNDA:0,(anonymous_9)
FNDA:0,(anonymous_10)
FNDA:0,(anonymous_11)
FNDA:0,(anonymous_12)
FNDA:0,(anonymous_13)
FNDA:0,(anonymous_14)
FNDA:0,(anonymous_15)
FNDA:0,(anonymous_16)
FNDA:0,(anonymous_17)
FNDA:0,(anonymous_18)
FNDA:0,(anonymous_19)
FNDA:0,(anonymous_20)
FNDA:0,(anonymous_21)
FNDA:0,(anonymous_22)
FNDA:0,(anonymous_23)
FNDA:0,(anonymous_24)
FNDA:0,(anonymous_25)
FNDA:0,(anonymous_26)
FNDA:0,(anonymous_27)
FNDA:0,(anonymous_28)
FNDA:0,(anonymous_29)
FNDA:0,(anonymous_30)
FNDA:0,(anonymous_31)
FNDA:0,(anonymous_32)
FNDA:0,(anonymous_33)
FNDA:0,(anonymous_34)
FNDA:0,(anonymous_35)
FNDA:0,(anonymous_36)
FNDA:0,(anonymous_37)
DA:1,0
DA:4,0
DA:12,0
DA:27,0
DA:28,0
DA:29,0
DA:30,0
DA:31,0
DA:33,0
DA:34,0
DA:35,0
DA:36,0
DA:38,0
DA:39,0
DA:40,0
DA:41,0
DA:43,0
DA:66,0
DA:82,0
DA:87,0
DA:88,0
DA:89,0
DA:90,0
DA:91,0
DA:96,0
DA:97,0
DA:98,0
DA:102,0
DA:103,0
DA:105,0
DA:112,0
DA:148,0
DA:160,0
DA:161,0
DA:162,0
DA:163,0
DA:165,0
DA:174,0
DA:175,0
DA:178,0
DA:179,0
DA:182,0
DA:183,0
DA:186,0
DA:187,0
DA:188,0
DA:189,0
DA:191,0
DA:192,0
DA:193,0
DA:194,0
DA:195,0
DA:199,0
DA:219,0
DA:235,0
DA:236,0
DA:237,0
DA:238,0
DA:239,0
DA:241,0
DA:242,0
DA:243,0
DA:246,0
DA:247,0
DA:248,0
DA:254,0
DA:255,0
DA:256,0
DA:257,0
DA:260,0
DA:261,0
DA:262,0
DA:263,0
DA:264,0
DA:268,0
DA:269,0
DA:270,0
DA:272,0
DA:287,0
DA:296,0
DA:297,0
DA:298,0
DA:299,0
DA:300,0
DA:301,0
DA:302,0
DA:305,0
DA:312,0
DA:313,0
DA:314,0
DA:315,0
DA:316,0
DA:317,0
DA:319,0
DA:327,0
DA:328,0
DA:329,0
DA:330,0
DA:331,0
DA:333,0
DA:334,0
DA:335,0
DA:340,0
LF:103
LH:0
BRDA:38,0,0,0
BRDA:38,0,1,0
BRDA:41,1,0,0
BRDA:41,1,1,0
BRDA:82,2,0,0
BRDA:82,2,1,0
BRDA:91,3,0,0
BRDA:91,3,1,0
BRDA:116,4,0,0
BRDA:116,4,1,0
BRDA:118,5,0,0
BRDA:118,5,1,0
BRDA:125,6,0,0
BRDA:125,6,1,0
BRDA:126,7,0,0
BRDA:126,7,1,0
BRDA:161,8,0,0
BRDA:161,8,1,0
BRDA:163,9,0,0
BRDA:163,9,1,0
BRDA:167,10,0,0
BRDA:167,10,1,0
BRDA:170,11,0,0
BRDA:170,11,1,0
BRDA:179,12,0,0
BRDA:179,12,1,0
BRDA:183,13,0,0
BRDA:183,13,1,0
BRDA:187,14,0,0
BRDA:191,15,0,0
BRDA:194,16,0,0
BRDA:194,16,1,0
BRDA:195,17,0,0
BRDA:205,18,0,0
BRDA:205,18,1,0
BRDA:217,19,0,0
BRDA:242,20,0,0
BRDA:242,20,1,0
BRDA:255,21,0,0
BRDA:255,21,1,0
BRDA:261,22,0,0
BRDA:264,23,0,0
BRDA:264,23,1,0
BRDA:269,24,0,0
BRDA:269,24,1,0
BRDA:270,25,0,0
BRDA:297,26,0,0
BRDA:297,26,1,0
BRDA:298,27,0,0
BRDA:298,27,1,0
BRDA:299,28,0,0
BRDA:299,28,1,0
BRDA:300,29,0,0
BRDA:300,29,1,0
BRDA:301,30,0,0
BRDA:301,30,1,0
BRDA:313,31,0,0
BRDA:313,31,1,0
BRDA:315,32,0,0
BRDA:315,32,1,0
BRDA:327,33,0,0
BRDA:327,33,1,0
BRDA:330,34,0,0
BRDA:330,34,1,0
BRF:64
BRH:0
end_of_record
TN:
SF:services/sales-order.service.ts
FN:20,convertToNumber
FN:28,getSalesOrderFinancialState
FN:56,getAllSalesOrders
FN:79,(anonymous_10)
FN:83,(anonymous_11)
FN:103,getSalesOrderById
FN:122,(anonymous_13)
FN:135,createSalesOrder
FN:147,(anonymous_15)
FN:200,(anonymous_16)
FN:228,(anonymous_17)
FN:235,updateSalesOrder
FN:240,(anonymous_19)
FN:279,(anonymous_20)
FN:355,(anonymous_21)
FN:420,deleteSalesOrder
FN:432,(anonymous_23)
FNF:17
FNH:0
FNDA:0,convertToNumber
FNDA:0,getSalesOrderFinancialState
FNDA:0,getAllSalesOrders
FNDA:0,(anonymous_10)
FNDA:0,(anonymous_11)
FNDA:0,getSalesOrderById
FNDA:0,(anonymous_13)
FNDA:0,createSalesOrder
FNDA:0,(anonymous_15)
FNDA:0,(anonymous_16)
FNDA:0,(anonymous_17)
FNDA:0,updateSalesOrder
FNDA:0,(anonymous_19)
FNDA:0,(anonymous_20)
FNDA:0,(anonymous_21)
FNDA:0,deleteSalesOrder
FNDA:0,(anonymous_23)
DA:3,0
DA:4,0
DA:12,0
DA:13,0
DA:14,0
DA:15,0
DA:21,0
DA:22,0
DA:23,0
DA:25,0
DA:29,0
DA:30,0
DA:32,0
DA:38,0
DA:44,0
DA:56,0
DA:58,0
DA:59,0
DA:61,0
DA:75,0
DA:76,0
DA:78,0
DA:79,0
DA:83,0
DA:103,0
DA:104,0
DA:116,0
DA:118,0
DA:122,0
DA:135,0
DA:136,0
DA:139,0
DA:140,0
DA:141,0
DA:145,0
DA:146,0
DA:148,0
DA:149,0
DA:150,0
DA:152,0
DA:153,0
DA:156,0
DA:157,0
DA:158,0
DA:160,0
DA:161,0
DA:163,0
DA:175,0
DA:199,0
DA:201,0
DA:209,0
DA:219,0
DA:228,0
DA:235,0
DA:237,0
DA:241,0
DA:246,0
DA:247,0
DA:251,0
DA:252,0
DA:256,0
DA:265,0
DA:266,0
DA:267,0
DA:270,0
DA:272,0
DA:273,0
DA:277,0
DA:278,0
DA:279,0
DA:280,0
DA:282,0
DA:283,0
DA:285,0
DA:286,0
DA:287,0
DA:288,0
DA:289,0
DA:291,0
DA:301,0
DA:305,0
DA:315,0
DA:316,0
DA:317,0
DA:318,0
DA:320,0
DA:321,0
DA:322,0
DA:323,0
DA:324,0
DA:326,0
DA:337,0
DA:341,0
DA:352,0
DA:355,0
DA:359,0
DA:360,0
DA:365,0
DA:374,0
DA:377,0
DA:386,0
DA:387,0
DA:388,0
DA:390,0
DA:396,0
DA:397,0
DA:398,0
DA:409,0
DA:414,0
DA:420,0
DA:421,0
DA:426,0
DA:427,0
DA:431,0
DA:433,0
DA:441,0
DA:452,0
DA:461,0
LF:118
LH:0
BRDA:21,0,0,0
BRDA:21,1,0,0
BRDA:21,1,1,0
BRDA:22,2,0,0
BRDA:29,3,0,0
BRDA:29,3,1,0
BRDA:32,4,0,0
BRDA:32,4,1,0
BRDA:34,5,0,0
BRDA:34,5,1,0
BRDA:38,6,0,0
BRDA:38,6,1,0
BRDA:40,7,0,0
BRDA:40,7,1,0
BRDA:58,8,0,0
BRDA:58,9,0,0
BRDA:116,10,0,0
BRDA:140,11,0,0
BRDA:149,12,0,0
BRDA:152,13,0,0
BRDA:156,14,0,0
BRDA:156,14,1,0
BRDA:158,15,0,0
BRDA:158,15,1,0
BRDA:178,16,0,0
BRDA:178,16,1,0
BRDA:179,17,0,0
BRDA:179,17,1,0
BRDA:246,18,0,0
BRDA:270,19,0,0
BRDA:272,20,0,0
BRDA:277,21,0,0
BRDA:280,22,0,0
BRDA:283,23,0,0
BRDA:285,24,0,0
BRDA:285,24,1,0
BRDA:286,25,0,0
BRDA:286,25,1,0
BRDA:287,26,0,0
BRDA:287,26,1,0
BRDA:315,27,0,0
BRDA:318,28,0,0
BRDA:320,29,0,0
BRDA:320,29,1,0
BRDA:322,30,0,0
BRDA:322,30,1,0
BRDA:355,31,0,0
BRDA:355,31,1,0
BRDA:355,32,0,0
BRDA:355,32,1,0
BRDA:387,33,0,0
BRDA:396,34,0,0
BRDA:396,35,0,0
BRDA:396,35,1,0
BRDA:396,35,2,0
BRDA:404,36,0,0
BRDA:404,36,1,0
BRDA:405,37,0,0
BRDA:405,37,1,0
BRDA:426,38,0,0
BRF:60
BRH:0
end_of_record
TN:
SF:services/stock-posting.service.ts
FN:29,postStock
FN:32,(anonymous_9)
FN:105,getProductStockLevel
FN:137,(anonymous_11)
FN:145,getWarehouseStockSummary
FN:157,(anonymous_13)
FN:174,(anonymous_14)
FN:175,(anonymous_15)
FN:176,(anonymous_16)
FN:177,(anonymous_17)
FN:178,(anonymous_18)
FN:185,getStockMovementReport
FN:206,(anonymous_20)
FN:219,(anonymous_21)
FN:233,(anonymous_22)
FN:236,(anonymous_23)
FN:238,(anonymous_24)
FN:244,(anonymous_25)
FN:254,calculateCOGS
FN:274,(anonymous_27)
FN:293,(anonymous_28)
FN:300,validateStockLevels
FN:303,(anonymous_30)
FN:318,(anonymous_31)
FN:319,(anonymous_32)
FN:320,(anonymous_33)
FNF:26
FNH:0
FNDA:0,postStock
FNDA:0,(anonymous_9)
FNDA:0,getProductStockLevel
FNDA:0,(anonymous_11)
FNDA:0,getWarehouseStockSummary
FNDA:0,(anonymous_13)
FNDA:0,(anonymous_14)
FNDA:0,(anonymous_15)
FNDA:0,(anonymous_16)
FNDA:0,(anonymous_17)
FNDA:0,(anonymous_18)
FNDA:0,getStockMovementReport
FNDA:0,(anonymous_20)
FNDA:0,(anonymous_21)
FNDA:0,(anonymous_22)
FNDA:0,(anonymous_23)
FNDA:0,(anonymous_24)
FNDA:0,(anonymous_25)
FNDA:0,calculateCOGS
FNDA:0,(anonymous_27)
FNDA:0,(anonymous_28)
FNDA:0,validateStockLevels
FNDA:0,(anonymous_30)
FNDA:0,(anonymous_31)
FNDA:0,(anonymous_32)
FNDA:0,(anonymous_33)
DA:3,0
DA:4,0
DA:5,0
DA:29,0
DA:30,0
DA:32,0
DA:33,0
DA:36,0
DA:48,0
DA:49,0
DA:53,0
DA:54,0
DA:57,0
DA:58,0
DA:61,0
DA:75,0
DA:87,0
DA:88,0
DA:98,0
DA:105,0
DA:106,0
DA:110,0
DA:111,0
DA:114,0
DA:119,0
DA:128,0
DA:137,0
DA:145,0
DA:146,0
DA:157,0
DA:172,0
DA:174,0
DA:175,0
DA:176,0
DA:177,0
DA:178,0
DA:185,0
DA:190,0
DA:205,0
DA:207,0
DA:208,0
DA:209,0
DA:211,0
DA:212,0
DA:218,0
DA:220,0
DA:221,0
DA:223,0
DA:224,0
DA:229,0
DA:233,0
DA:236,0
DA:239,0
DA:240,0
DA:244,0
DA:254,0
DA:255,0
DA:273,0
DA:274,0
DA:275,0
DA:276,0
DA:277,0
DA:288,0
DA:293,0
DA:300,0
DA:301,0
DA:303,0
DA:304,0
DA:306,0
DA:316,0
DA:318,0
DA:319,0
DA:320,0
LF:73
LH:0
BRDA:53,0,0,0
BRDA:87,1,0,0
BRDA:92,2,0,0
BRDA:92,2,1,0
BRDA:110,3,0,0
BRDA:134,4,0,0
BRDA:134,4,1,0
BRDA:165,5,0,0
BRDA:165,5,1,0
BRDA:167,6,0,0
BRDA:167,6,1,0
BRDA:167,7,0,0
BRDA:167,7,1,0
BRDA:196,8,0,0
BRDA:196,8,1,0
BRDA:208,9,0,0
BRDA:220,10,0,0
BRDA:304,11,0,0
BRDA:304,11,1,0
BRDA:311,12,0,0
BRDA:311,12,1,0
BRDA:312,13,0,0
BRDA:312,13,1,0
BRF:23
BRH:0
end_of_record
TN:
SF:services/supplier.service.ts
FN:12,(anonymous_1)
FN:39,(anonymous_2)
FN:56,(anonymous_3)
FN:66,(anonymous_4)
FN:80,(anonymous_5)
FN:99,(anonymous_6)
FN:120,(anonymous_7)
FN:139,(anonymous_8)
FN:151,(anonymous_9)
FN:162,(anonymous_10)
FN:170,(anonymous_11)
FN:185,(anonymous_12)
FN:197,(anonymous_13)
FN:216,(anonymous_14)
FNF:14
FNH:0
FNDA:0,(anonymous_1)
FNDA:0,(anonymous_2)
FNDA:0,(anonymous_3)
FNDA:0,(anonymous_4)
FNDA:0,(anonymous_5)
FNDA:0,(anonymous_6)
FNDA:0,(anonymous_7)
FNDA:0,(anonymous_8)
FNDA:0,(anonymous_9)
FNDA:0,(anonymous_10)
FNDA:0,(anonymous_11)
FNDA:0,(anonymous_12)
FNDA:0,(anonymous_13)
FNDA:0,(anonymous_14)
DA:3,0
DA:4,0
DA:7,0
DA:13,0
DA:14,0
DA:16,0
DA:17,0
DA:24,0
DA:27,0
DA:28,0
DA:38,0
DA:39,0
DA:45,0
DA:52,0
DA:55,0
DA:56,0
DA:64,0
DA:65,0
DA:66,0
DA:69,0
DA:81,0
DA:82,0
DA:84,0
DA:85,0
DA:91,0
DA:100,0
DA:102,0
DA:103,0
DA:104,0
DA:107,0
DA:114,0
DA:121,0
DA:123,0
DA:124,0
DA:125,0
DA:129,0
DA:131,0
DA:133,0
DA:140,0
DA:141,0
DA:143,0
DA:145,0
DA:152,0
DA:159,0
DA:163,0
DA:164,0
DA:166,0
DA:167,0
DA:171,0
DA:186,0
DA:187,0
DA:189,0
DA:190,0
DA:191,0
DA:194,0
DA:198,0
DA:199,0
DA:201,0
DA:206,0
DA:208,0
DA:217,0
DA:218,0
DA:220,0
DA:221,0
DA:228,0
DA:230,0
LF:66
LH:0
BRDA:13,0,0,0
BRDA:13,1,0,0
BRDA:13,2,0,0
BRDA:16,3,0,0
BRDA:27,4,0,0
BRDA:65,5,0,0
BRDA:82,6,0,0
BRDA:102,7,0,0
BRDA:104,8,0,0
BRDA:110,9,0,0
BRDA:110,9,1,0
BRDA:123,10,0,0
BRDA:125,11,0,0
BRDA:125,12,0,0
BRDA:125,12,1,0
BRDA:141,13,0,0
BRDA:159,14,0,0
BRDA:159,14,1,0
BRDA:164,15,0,0
BRDA:191,16,0,0
BRDA:199,17,0,0
BRDA:216,18,0,0
BRDA:216,19,0,0
BRDA:218,20,0,0
BRDA:218,21,0,0
BRDA:218,21,1,0
BRF:26
BRH:0
end_of_record
TN:
SF:services/terms-config.service.ts
FN:55,(anonymous_1)
FN:62,(anonymous_2)
FN:69,(anonymous_3)
FN:90,(anonymous_4)
FN:104,(anonymous_5)
FN:154,(anonymous_6)
FN:177,(anonymous_7)
FN:220,(anonymous_8)
FNF:8
FNH:0
FNDA:0,(anonymous_1)
FNDA:0,(anonymous_2)
FNDA:0,(anonymous_3)
FNDA:0,(anonymous_4)
FNDA:0,(anonymous_5)
FNDA:0,(anonymous_6)
FNDA:0,(anonymous_7)
FNDA:0,(anonymous_8)
DA:28,0
DA:42,0
DA:56,0
DA:63,0
DA:70,0
DA:71,0
DA:73,0
DA:75,0
DA:77,0
DA:78,0
DA:81,0
DA:84,0
DA:95,0
DA:96,0
DA:98,0
DA:113,0
DA:116,0
DA:117,0
DA:126,0
DA:129,0
DA:135,0
DA:138,0
DA:139,0
DA:141,0
DA:143,0
DA:162,0
DA:163,0
DA:164,0
DA:166,0
DA:168,0
DA:187,0
DA:188,0
DA:198,0
DA:199,0
DA:200,0
DA:202,0
DA:203,0
DA:204,0
DA:206,0
DA:214,0
DA:230,0
DA:231,0
DA:235,0
DA:238,0
DA:239,0
DA:241,0
DA:250,0
LF:47
LH:0
BRDA:63,0,0,0
BRDA:63,0,1,0
BRDA:71,1,0,0
BRDA:75,2,0,0
BRDA:75,2,1,0
BRDA:96,3,0,0
BRDA:96,4,0,0
BRDA:96,4,1,0
BRDA:96,4,2,0
BRDA:116,5,0,0
BRDA:157,6,0,0
BRDA:163,7,0,0
BRDA:163,7,1,0
BRDA:164,8,0,0
BRDA:164,8,1,0
BRDA:180,9,0,0
BRDA:187,10,0,0
BRDA:209,11,0,0
BRDA:209,11,1,0
BRDA:223,12,0,0
BRDA:231,13,0,0
BRDA:231,13,1,0
BRF:22
BRH:0
end_of_record
